CRITICAL - 2023-01-19 09:28:25 --> Object of class stdClass could not be converted to string
in APPPATH\Controllers\MakeOrderController.php on line 9.
 1 SYSTEMPATH\CodeIgniter.php(934): App\Controllers\MakeOrderController->index()
 2 SYSTEMPATH\CodeIgniter.php(499): CodeIgniter\CodeIgniter->runController(Object(App\Controllers\MakeOrderController))
 3 SYSTEMPATH\CodeIgniter.php(368): CodeIgniter\CodeIgniter->handleRequest(null, Object(Config\Cache), false)
 4 FCPATH\index.php(67): CodeIgniter\CodeIgniter->run()
CRITICAL - 2023-01-19 09:29:24 --> Illegal string offset '_data'
in APPPATH\Controllers\MakeOrderController.php on line 9.
 1 APPPATH\Controllers\MakeOrderController.php(9): CodeIgniter\Debug\Exceptions->errorHandler(2, 'Illegal string offset \'_data\'', 'APPPATH\\Controllers\\MakeOrderController.php', 9, [])
 2 SYSTEMPATH\CodeIgniter.php(934): App\Controllers\MakeOrderController->index()
 3 SYSTEMPATH\CodeIgniter.php(499): CodeIgniter\CodeIgniter->runController(Object(App\Controllers\MakeOrderController))
 4 SYSTEMPATH\CodeIgniter.php(368): CodeIgniter\CodeIgniter->handleRequest(null, Object(Config\Cache), false)
 5 FCPATH\index.php(67): CodeIgniter\CodeIgniter->run()
CRITICAL - 2023-01-19 09:29:40 --> Illegal string offset 'data'
in APPPATH\Controllers\MakeOrderController.php on line 9.
 1 APPPATH\Controllers\MakeOrderController.php(9): CodeIgniter\Debug\Exceptions->errorHandler(2, 'Illegal string offset \'data\'', 'APPPATH\\Controllers\\MakeOrderController.php', 9, [])
 2 SYSTEMPATH\CodeIgniter.php(934): App\Controllers\MakeOrderController->index()
 3 SYSTEMPATH\CodeIgniter.php(499): CodeIgniter\CodeIgniter->runController(Object(App\Controllers\MakeOrderController))
 4 SYSTEMPATH\CodeIgniter.php(368): CodeIgniter\CodeIgniter->handleRequest(null, Object(Config\Cache), false)
 5 FCPATH\index.php(67): CodeIgniter\CodeIgniter->run()
CRITICAL - 2023-01-19 09:29:48 --> Trying to get property 'data' of non-object
in APPPATH\Controllers\MakeOrderController.php on line 9.
 1 APPPATH\Controllers\MakeOrderController.php(9): CodeIgniter\Debug\Exceptions->errorHandler(8, 'Trying to get property \'data\' of non-object', 'APPPATH\\Controllers\\MakeOrderController.php', 9, [])
 2 SYSTEMPATH\CodeIgniter.php(934): App\Controllers\MakeOrderController->index()
 3 SYSTEMPATH\CodeIgniter.php(499): CodeIgniter\CodeIgniter->runController(Object(App\Controllers\MakeOrderController))
 4 SYSTEMPATH\CodeIgniter.php(368): CodeIgniter\CodeIgniter->handleRequest(null, Object(Config\Cache), false)
 5 FCPATH\index.php(67): CodeIgniter\CodeIgniter->run()
CRITICAL - 2023-01-19 09:30:20 --> Trying to access array offset on value of type null
in APPPATH\Controllers\MakeOrderController.php on line 10.
 1 APPPATH\Controllers\MakeOrderController.php(10): CodeIgniter\Debug\Exceptions->errorHandler(8, 'Trying to access array offset on value of type null', 'APPPATH\\Controllers\\MakeOrderController.php', 10, [...])
 2 SYSTEMPATH\CodeIgniter.php(934): App\Controllers\MakeOrderController->index()
 3 SYSTEMPATH\CodeIgniter.php(499): CodeIgniter\CodeIgniter->runController(Object(App\Controllers\MakeOrderController))
 4 SYSTEMPATH\CodeIgniter.php(368): CodeIgniter\CodeIgniter->handleRequest(null, Object(Config\Cache), false)
 5 FCPATH\index.php(67): CodeIgniter\CodeIgniter->run()
CRITICAL - 2023-01-19 09:30:27 --> Trying to get property 'artikul' of non-object
in APPPATH\Controllers\MakeOrderController.php on line 10.
 1 APPPATH\Controllers\MakeOrderController.php(10): CodeIgniter\Debug\Exceptions->errorHandler(8, 'Trying to get property \'artikul\' of non-object', 'APPPATH\\Controllers\\MakeOrderController.php', 10, [...])
 2 SYSTEMPATH\CodeIgniter.php(934): App\Controllers\MakeOrderController->index()
 3 SYSTEMPATH\CodeIgniter.php(499): CodeIgniter\CodeIgniter->runController(Object(App\Controllers\MakeOrderController))
 4 SYSTEMPATH\CodeIgniter.php(368): CodeIgniter\CodeIgniter->handleRequest(null, Object(Config\Cache), false)
 5 FCPATH\index.php(67): CodeIgniter\CodeIgniter->run()
CRITICAL - 2023-01-19 09:35:19 --> Illegal string offset 'artikul'
in APPPATH\Controllers\MakeOrderController.php on line 10.
 1 APPPATH\Controllers\MakeOrderController.php(10): CodeIgniter\Debug\Exceptions->errorHandler(2, 'Illegal string offset \'artikul\'', 'APPPATH\\Controllers\\MakeOrderController.php', 10, [...])
 2 SYSTEMPATH\CodeIgniter.php(934): App\Controllers\MakeOrderController->index()
 3 SYSTEMPATH\CodeIgniter.php(499): CodeIgniter\CodeIgniter->runController(Object(App\Controllers\MakeOrderController))
 4 SYSTEMPATH\CodeIgniter.php(368): CodeIgniter\CodeIgniter->handleRequest(null, Object(Config\Cache), false)
 5 FCPATH\index.php(67): CodeIgniter\CodeIgniter->run()
CRITICAL - 2023-01-19 09:35:20 --> Illegal string offset 'artikul'
in APPPATH\Controllers\MakeOrderController.php on line 10.
 1 APPPATH\Controllers\MakeOrderController.php(10): CodeIgniter\Debug\Exceptions->errorHandler(2, 'Illegal string offset \'artikul\'', 'APPPATH\\Controllers\\MakeOrderController.php', 10, [...])
 2 SYSTEMPATH\CodeIgniter.php(934): App\Controllers\MakeOrderController->index()
 3 SYSTEMPATH\CodeIgniter.php(499): CodeIgniter\CodeIgniter->runController(Object(App\Controllers\MakeOrderController))
 4 SYSTEMPATH\CodeIgniter.php(368): CodeIgniter\CodeIgniter->handleRequest(null, Object(Config\Cache), false)
 5 FCPATH\index.php(67): CodeIgniter\CodeIgniter->run()
CRITICAL - 2023-01-19 09:35:31 --> Trying to get property 'artikul' of non-object
in APPPATH\Controllers\MakeOrderController.php on line 10.
 1 APPPATH\Controllers\MakeOrderController.php(10): CodeIgniter\Debug\Exceptions->errorHandler(8, 'Trying to get property \'artikul\' of non-object', 'APPPATH\\Controllers\\MakeOrderController.php', 10, [...])
 2 SYSTEMPATH\CodeIgniter.php(934): App\Controllers\MakeOrderController->index()
 3 SYSTEMPATH\CodeIgniter.php(499): CodeIgniter\CodeIgniter->runController(Object(App\Controllers\MakeOrderController))
 4 SYSTEMPATH\CodeIgniter.php(368): CodeIgniter\CodeIgniter->handleRequest(null, Object(Config\Cache), false)
 5 FCPATH\index.php(67): CodeIgniter\CodeIgniter->run()
CRITICAL - 2023-01-19 09:35:32 --> Trying to get property 'artikul' of non-object
in APPPATH\Controllers\MakeOrderController.php on line 10.
 1 APPPATH\Controllers\MakeOrderController.php(10): CodeIgniter\Debug\Exceptions->errorHandler(8, 'Trying to get property \'artikul\' of non-object', 'APPPATH\\Controllers\\MakeOrderController.php', 10, [...])
 2 SYSTEMPATH\CodeIgniter.php(934): App\Controllers\MakeOrderController->index()
 3 SYSTEMPATH\CodeIgniter.php(499): CodeIgniter\CodeIgniter->runController(Object(App\Controllers\MakeOrderController))
 4 SYSTEMPATH\CodeIgniter.php(368): CodeIgniter\CodeIgniter->handleRequest(null, Object(Config\Cache), false)
 5 FCPATH\index.php(67): CodeIgniter\CodeIgniter->run()
ERROR - 2023-01-19 10:07:06 --> mysqli_sql_exception: Table 'psclassics.pending_orders' doesn't exist in E:\wamp64\www\firstci4\vendor\codeigniter4\framework\system\Database\MySQLi\Connection.php:295
Stack trace:
#0 E:\wamp64\www\firstci4\vendor\codeigniter4\framework\system\Database\MySQLi\Connection.php(295): mysqli->query('INSERT INTO `pe...', 0)
#1 E:\wamp64\www\firstci4\vendor\codeigniter4\framework\system\Database\BaseConnection.php(691): CodeIgniter\Database\MySQLi\Connection->execute('INSERT INTO `pe...')
#2 E:\wamp64\www\firstci4\vendor\codeigniter4\framework\system\Database\BaseConnection.php(605): CodeIgniter\Database\BaseConnection->simpleQuery('INSERT INTO `pe...')
#3 E:\wamp64\www\firstci4\vendor\codeigniter4\framework\system\Database\BaseBuilder.php(2295): CodeIgniter\Database\BaseConnection->query('INSERT INTO `pe...', Array, false)
#4 E:\wamp64\www\firstci4\app\Controllers\MakeOrderController.php(35): CodeIgniter\Database\BaseBuilder->insert(Array)
#5 E:\wamp64\www\firstci4\app\Controllers\MakeOrderController.php(20): App\Controllers\MakeOrderController->add_pending_order(Array)
#6 E:\wamp64\www\firstci4\vendor\codeigniter4\framework\system\CodeIgniter.php(934): App\Controllers\MakeOrderController->index()
#7 E:\wamp64\www\firstci4\vendor\codeigniter4\framework\system\CodeIgniter.php(499): CodeIgniter\CodeIgniter->runController(Object(App\Controllers\MakeOrderController))
#8 E:\wamp64\www\firstci4\vendor\codeigniter4\framework\system\CodeIgniter.php(368): CodeIgniter\CodeIgniter->handleRequest(NULL, Object(Config\Cache), false)
#9 E:\wamp64\www\firstci4\public\index.php(67): CodeIgniter\CodeIgniter->run()
#10 {main}
CRITICAL - 2023-01-19 10:07:06 --> Table 'psclassics.pending_orders' doesn't exist
in SYSTEMPATH\Database\BaseConnection.php on line 645.
 1 SYSTEMPATH\Database\BaseBuilder.php(2295): CodeIgniter\Database\BaseConnection->query('INSERT INTO `pending_orders` (`ime`, `cena`, `broika`) VALUES (:ime:, :cena:, :broika:)', [...], false)
 2 APPPATH\Controllers\MakeOrderController.php(35): CodeIgniter\Database\BaseBuilder->insert([...])
 3 APPPATH\Controllers\MakeOrderController.php(20): App\Controllers\MakeOrderController->add_pending_order([...])
 4 SYSTEMPATH\CodeIgniter.php(934): App\Controllers\MakeOrderController->index()
 5 SYSTEMPATH\CodeIgniter.php(499): CodeIgniter\CodeIgniter->runController(Object(App\Controllers\MakeOrderController))
 6 SYSTEMPATH\CodeIgniter.php(368): CodeIgniter\CodeIgniter->handleRequest(null, Object(Config\Cache), false)
 7 FCPATH\index.php(67): CodeIgniter\CodeIgniter->run()
ERROR - 2023-01-19 10:07:07 --> mysqli_sql_exception: Table 'psclassics.pending_orders' doesn't exist in E:\wamp64\www\firstci4\vendor\codeigniter4\framework\system\Database\MySQLi\Connection.php:295
Stack trace:
#0 E:\wamp64\www\firstci4\vendor\codeigniter4\framework\system\Database\MySQLi\Connection.php(295): mysqli->query('INSERT INTO `pe...', 0)
#1 E:\wamp64\www\firstci4\vendor\codeigniter4\framework\system\Database\BaseConnection.php(691): CodeIgniter\Database\MySQLi\Connection->execute('INSERT INTO `pe...')
#2 E:\wamp64\www\firstci4\vendor\codeigniter4\framework\system\Database\BaseConnection.php(605): CodeIgniter\Database\BaseConnection->simpleQuery('INSERT INTO `pe...')
#3 E:\wamp64\www\firstci4\vendor\codeigniter4\framework\system\Database\BaseBuilder.php(2295): CodeIgniter\Database\BaseConnection->query('INSERT INTO `pe...', Array, false)
#4 E:\wamp64\www\firstci4\app\Controllers\MakeOrderController.php(35): CodeIgniter\Database\BaseBuilder->insert(Array)
#5 E:\wamp64\www\firstci4\app\Controllers\MakeOrderController.php(20): App\Controllers\MakeOrderController->add_pending_order(Array)
#6 E:\wamp64\www\firstci4\vendor\codeigniter4\framework\system\CodeIgniter.php(934): App\Controllers\MakeOrderController->index()
#7 E:\wamp64\www\firstci4\vendor\codeigniter4\framework\system\CodeIgniter.php(499): CodeIgniter\CodeIgniter->runController(Object(App\Controllers\MakeOrderController))
#8 E:\wamp64\www\firstci4\vendor\codeigniter4\framework\system\CodeIgniter.php(368): CodeIgniter\CodeIgniter->handleRequest(NULL, Object(Config\Cache), false)
#9 E:\wamp64\www\firstci4\public\index.php(67): CodeIgniter\CodeIgniter->run()
#10 {main}
CRITICAL - 2023-01-19 10:07:07 --> Table 'psclassics.pending_orders' doesn't exist
in SYSTEMPATH\Database\BaseConnection.php on line 645.
 1 SYSTEMPATH\Database\BaseBuilder.php(2295): CodeIgniter\Database\BaseConnection->query('INSERT INTO `pending_orders` (`ime`, `cena`, `broika`) VALUES (:ime:, :cena:, :broika:)', [...], false)
 2 APPPATH\Controllers\MakeOrderController.php(35): CodeIgniter\Database\BaseBuilder->insert([...])
 3 APPPATH\Controllers\MakeOrderController.php(20): App\Controllers\MakeOrderController->add_pending_order([...])
 4 SYSTEMPATH\CodeIgniter.php(934): App\Controllers\MakeOrderController->index()
 5 SYSTEMPATH\CodeIgniter.php(499): CodeIgniter\CodeIgniter->runController(Object(App\Controllers\MakeOrderController))
 6 SYSTEMPATH\CodeIgniter.php(368): CodeIgniter\CodeIgniter->handleRequest(null, Object(Config\Cache), false)
 7 FCPATH\index.php(67): CodeIgniter\CodeIgniter->run()
ERROR - 2023-01-19 10:08:17 --> mysqli_sql_exception: Table 'psclassics.pending_orders' doesn't exist in E:\wamp64\www\firstci4\vendor\codeigniter4\framework\system\Database\MySQLi\Connection.php:295
Stack trace:
#0 E:\wamp64\www\firstci4\vendor\codeigniter4\framework\system\Database\MySQLi\Connection.php(295): mysqli->query('INSERT INTO `pe...', 0)
#1 E:\wamp64\www\firstci4\vendor\codeigniter4\framework\system\Database\BaseConnection.php(691): CodeIgniter\Database\MySQLi\Connection->execute('INSERT INTO `pe...')
#2 E:\wamp64\www\firstci4\vendor\codeigniter4\framework\system\Database\BaseConnection.php(605): CodeIgniter\Database\BaseConnection->simpleQuery('INSERT INTO `pe...')
#3 E:\wamp64\www\firstci4\vendor\codeigniter4\framework\system\Database\BaseBuilder.php(2295): CodeIgniter\Database\BaseConnection->query('INSERT INTO `pe...', Array, false)
#4 E:\wamp64\www\firstci4\app\Controllers\MakeOrderController.php(35): CodeIgniter\Database\BaseBuilder->insert(Array)
#5 E:\wamp64\www\firstci4\app\Controllers\MakeOrderController.php(20): App\Controllers\MakeOrderController->add_pending_order(Array)
#6 E:\wamp64\www\firstci4\vendor\codeigniter4\framework\system\CodeIgniter.php(934): App\Controllers\MakeOrderController->index()
#7 E:\wamp64\www\firstci4\vendor\codeigniter4\framework\system\CodeIgniter.php(499): CodeIgniter\CodeIgniter->runController(Object(App\Controllers\MakeOrderController))
#8 E:\wamp64\www\firstci4\vendor\codeigniter4\framework\system\CodeIgniter.php(368): CodeIgniter\CodeIgniter->handleRequest(NULL, Object(Config\Cache), false)
#9 E:\wamp64\www\firstci4\public\index.php(67): CodeIgniter\CodeIgniter->run()
#10 {main}
CRITICAL - 2023-01-19 10:08:17 --> Table 'psclassics.pending_orders' doesn't exist
in SYSTEMPATH\Database\BaseConnection.php on line 645.
 1 SYSTEMPATH\Database\BaseBuilder.php(2295): CodeIgniter\Database\BaseConnection->query('INSERT INTO `pending_orders` (`ime`, `cena`, `broika`) VALUES (:ime:, :cena:, :broika:)', [...], false)
 2 APPPATH\Controllers\MakeOrderController.php(35): CodeIgniter\Database\BaseBuilder->insert([...])
 3 APPPATH\Controllers\MakeOrderController.php(20): App\Controllers\MakeOrderController->add_pending_order([...])
 4 SYSTEMPATH\CodeIgniter.php(934): App\Controllers\MakeOrderController->index()
 5 SYSTEMPATH\CodeIgniter.php(499): CodeIgniter\CodeIgniter->runController(Object(App\Controllers\MakeOrderController))
 6 SYSTEMPATH\CodeIgniter.php(368): CodeIgniter\CodeIgniter->handleRequest(null, Object(Config\Cache), false)
 7 FCPATH\index.php(67): CodeIgniter\CodeIgniter->run()
ERROR - 2023-01-19 10:11:58 --> mysqli_sql_exception: Table 'psclassics.pending_orders' doesn't exist in E:\wamp64\www\firstci4\vendor\codeigniter4\framework\system\Database\MySQLi\Connection.php:295
Stack trace:
#0 E:\wamp64\www\firstci4\vendor\codeigniter4\framework\system\Database\MySQLi\Connection.php(295): mysqli->query('INSERT INTO `pe...', 0)
#1 E:\wamp64\www\firstci4\vendor\codeigniter4\framework\system\Database\BaseConnection.php(691): CodeIgniter\Database\MySQLi\Connection->execute('INSERT INTO `pe...')
#2 E:\wamp64\www\firstci4\vendor\codeigniter4\framework\system\Database\BaseConnection.php(605): CodeIgniter\Database\BaseConnection->simpleQuery('INSERT INTO `pe...')
#3 E:\wamp64\www\firstci4\vendor\codeigniter4\framework\system\Database\BaseBuilder.php(2295): CodeIgniter\Database\BaseConnection->query('INSERT INTO `pe...', Array, false)
#4 E:\wamp64\www\firstci4\app\Controllers\MakeOrderController.php(40): CodeIgniter\Database\BaseBuilder->insert(Array)
#5 E:\wamp64\www\firstci4\app\Controllers\MakeOrderController.php(21): App\Controllers\MakeOrderController->add_pending_order(Array)
#6 E:\wamp64\www\firstci4\vendor\codeigniter4\framework\system\CodeIgniter.php(934): App\Controllers\MakeOrderController->index()
#7 E:\wamp64\www\firstci4\vendor\codeigniter4\framework\system\CodeIgniter.php(499): CodeIgniter\CodeIgniter->runController(Object(App\Controllers\MakeOrderController))
#8 E:\wamp64\www\firstci4\vendor\codeigniter4\framework\system\CodeIgniter.php(368): CodeIgniter\CodeIgniter->handleRequest(NULL, Object(Config\Cache), false)
#9 E:\wamp64\www\firstci4\public\index.php(67): CodeIgniter\CodeIgniter->run()
#10 {main}
CRITICAL - 2023-01-19 10:11:58 --> Table 'psclassics.pending_orders' doesn't exist
in SYSTEMPATH\Database\BaseConnection.php on line 645.
 1 SYSTEMPATH\Database\BaseBuilder.php(2295): CodeIgniter\Database\BaseConnection->query('INSERT INTO `pending_orders` (`ime`, `cena`, `broika`) VALUES (:ime:, :cena:, :broika:)', [...], false)
 2 APPPATH\Controllers\MakeOrderController.php(40): CodeIgniter\Database\BaseBuilder->insert([...])
 3 APPPATH\Controllers\MakeOrderController.php(21): App\Controllers\MakeOrderController->add_pending_order([...])
 4 SYSTEMPATH\CodeIgniter.php(934): App\Controllers\MakeOrderController->index()
 5 SYSTEMPATH\CodeIgniter.php(499): CodeIgniter\CodeIgniter->runController(Object(App\Controllers\MakeOrderController))
 6 SYSTEMPATH\CodeIgniter.php(368): CodeIgniter\CodeIgniter->handleRequest(null, Object(Config\Cache), false)
 7 FCPATH\index.php(67): CodeIgniter\CodeIgniter->run()
CRITICAL - 2023-01-19 10:22:32 --> Undefined index: id
in APPPATH\Controllers\MakeOrderController.php on line 37.
 1 APPPATH\Controllers\MakeOrderController.php(37): CodeIgniter\Debug\Exceptions->errorHandler(8, 'Undefined index: id', 'APPPATH\\Controllers\\MakeOrderController.php', 37, [...])
 2 APPPATH\Controllers\MakeOrderController.php(19): App\Controllers\MakeOrderController->has_item('Kartof')
 3 SYSTEMPATH\CodeIgniter.php(934): App\Controllers\MakeOrderController->index()
 4 SYSTEMPATH\CodeIgniter.php(499): CodeIgniter\CodeIgniter->runController(Object(App\Controllers\MakeOrderController))
 5 SYSTEMPATH\CodeIgniter.php(368): CodeIgniter\CodeIgniter->handleRequest(null, Object(Config\Cache), false)
 6 FCPATH\index.php(67): CodeIgniter\CodeIgniter->run()
CRITICAL - 2023-01-19 10:22:39 --> Trying to get property 'id' of non-object
in APPPATH\Controllers\MakeOrderController.php on line 37.
 1 APPPATH\Controllers\MakeOrderController.php(37): CodeIgniter\Debug\Exceptions->errorHandler(8, 'Trying to get property \'id\' of non-object', 'APPPATH\\Controllers\\MakeOrderController.php', 37, [...])
 2 APPPATH\Controllers\MakeOrderController.php(19): App\Controllers\MakeOrderController->has_item('Kartof')
 3 SYSTEMPATH\CodeIgniter.php(934): App\Controllers\MakeOrderController->index()
 4 SYSTEMPATH\CodeIgniter.php(499): CodeIgniter\CodeIgniter->runController(Object(App\Controllers\MakeOrderController))
 5 SYSTEMPATH\CodeIgniter.php(368): CodeIgniter\CodeIgniter->handleRequest(null, Object(Config\Cache), false)
 6 FCPATH\index.php(67): CodeIgniter\CodeIgniter->run()
CRITICAL - 2023-01-19 10:23:00 --> Cannot use object of type stdClass as array
in APPPATH\Controllers\MakeOrderController.php on line 37.
 1 APPPATH\Controllers\MakeOrderController.php(19): App\Controllers\MakeOrderController->has_item('Kartof')
 2 SYSTEMPATH\CodeIgniter.php(934): App\Controllers\MakeOrderController->index()
 3 SYSTEMPATH\CodeIgniter.php(499): CodeIgniter\CodeIgniter->runController(Object(App\Controllers\MakeOrderController))
 4 SYSTEMPATH\CodeIgniter.php(368): CodeIgniter\CodeIgniter->handleRequest(null, Object(Config\Cache), false)
 5 FCPATH\index.php(67): CodeIgniter\CodeIgniter->run()
ERROR - 2023-01-19 10:32:11 --> mysqli_sql_exception: Table 'sklad.atrikuli' doesn't exist in E:\wamp64\www\firstci4\vendor\codeigniter4\framework\system\Database\MySQLi\Connection.php:295
Stack trace:
#0 E:\wamp64\www\firstci4\vendor\codeigniter4\framework\system\Database\MySQLi\Connection.php(295): mysqli->query('SELECT `id`\nFRO...', 0)
#1 E:\wamp64\www\firstci4\vendor\codeigniter4\framework\system\Database\BaseConnection.php(691): CodeIgniter\Database\MySQLi\Connection->execute('SELECT `id`\nFRO...')
#2 E:\wamp64\www\firstci4\vendor\codeigniter4\framework\system\Database\BaseConnection.php(605): CodeIgniter\Database\BaseConnection->simpleQuery('SELECT `id`\nFRO...')
#3 E:\wamp64\www\firstci4\vendor\codeigniter4\framework\system\Database\BaseBuilder.php(1602): CodeIgniter\Database\BaseConnection->query('SELECT `id`\nFRO...', Array, false)
#4 E:\wamp64\www\firstci4\app\Controllers\MakeOrderController.php(36): CodeIgniter\Database\BaseBuilder->get()
#5 E:\wamp64\www\firstci4\app\Controllers\MakeOrderController.php(19): App\Controllers\MakeOrderController->has_item('Kartof')
#6 E:\wamp64\www\firstci4\vendor\codeigniter4\framework\system\CodeIgniter.php(934): App\Controllers\MakeOrderController->index()
#7 E:\wamp64\www\firstci4\vendor\codeigniter4\framework\system\CodeIgniter.php(499): CodeIgniter\CodeIgniter->runController(Object(App\Controllers\MakeOrderController))
#8 E:\wamp64\www\firstci4\vendor\codeigniter4\framework\system\CodeIgniter.php(368): CodeIgniter\CodeIgniter->handleRequest(NULL, Object(Config\Cache), false)
#9 E:\wamp64\www\firstci4\public\index.php(67): CodeIgniter\CodeIgniter->run()
#10 {main}
CRITICAL - 2023-01-19 10:32:11 --> Table 'sklad.atrikuli' doesn't exist
in SYSTEMPATH\Database\BaseConnection.php on line 645.
 1 SYSTEMPATH\Database\BaseBuilder.php(1602): CodeIgniter\Database\BaseConnection->query('SELECT `id`
FROM `atrikuli`
WHERE `ime` = :ime:', [...], false)
 2 APPPATH\Controllers\MakeOrderController.php(36): CodeIgniter\Database\BaseBuilder->get()
 3 APPPATH\Controllers\MakeOrderController.php(19): App\Controllers\MakeOrderController->has_item('Kartof')
 4 SYSTEMPATH\CodeIgniter.php(934): App\Controllers\MakeOrderController->index()
 5 SYSTEMPATH\CodeIgniter.php(499): CodeIgniter\CodeIgniter->runController(Object(App\Controllers\MakeOrderController))
 6 SYSTEMPATH\CodeIgniter.php(368): CodeIgniter\CodeIgniter->handleRequest(null, Object(Config\Cache), false)
 7 FCPATH\index.php(67): CodeIgniter\CodeIgniter->run()
ERROR - 2023-01-19 10:32:59 --> mysqli_sql_exception: Table 'sklad.atrikuli' doesn't exist in E:\wamp64\www\firstci4\vendor\codeigniter4\framework\system\Database\MySQLi\Connection.php:295
Stack trace:
#0 E:\wamp64\www\firstci4\vendor\codeigniter4\framework\system\Database\MySQLi\Connection.php(295): mysqli->query('SELECT `id`\nFRO...', 0)
#1 E:\wamp64\www\firstci4\vendor\codeigniter4\framework\system\Database\BaseConnection.php(691): CodeIgniter\Database\MySQLi\Connection->execute('SELECT `id`\nFRO...')
#2 E:\wamp64\www\firstci4\vendor\codeigniter4\framework\system\Database\BaseConnection.php(605): CodeIgniter\Database\BaseConnection->simpleQuery('SELECT `id`\nFRO...')
#3 E:\wamp64\www\firstci4\vendor\codeigniter4\framework\system\Database\BaseBuilder.php(1602): CodeIgniter\Database\BaseConnection->query('SELECT `id`\nFRO...', Array, false)
#4 E:\wamp64\www\firstci4\app\Controllers\MakeOrderController.php(36): CodeIgniter\Database\BaseBuilder->get()
#5 E:\wamp64\www\firstci4\app\Controllers\MakeOrderController.php(19): App\Controllers\MakeOrderController->has_item('Kartof')
#6 E:\wamp64\www\firstci4\vendor\codeigniter4\framework\system\CodeIgniter.php(934): App\Controllers\MakeOrderController->index()
#7 E:\wamp64\www\firstci4\vendor\codeigniter4\framework\system\CodeIgniter.php(499): CodeIgniter\CodeIgniter->runController(Object(App\Controllers\MakeOrderController))
#8 E:\wamp64\www\firstci4\vendor\codeigniter4\framework\system\CodeIgniter.php(368): CodeIgniter\CodeIgniter->handleRequest(NULL, Object(Config\Cache), false)
#9 E:\wamp64\www\firstci4\public\index.php(67): CodeIgniter\CodeIgniter->run()
#10 {main}
CRITICAL - 2023-01-19 10:32:59 --> Table 'sklad.atrikuli' doesn't exist
in SYSTEMPATH\Database\BaseConnection.php on line 645.
 1 SYSTEMPATH\Database\BaseBuilder.php(1602): CodeIgniter\Database\BaseConnection->query('SELECT `id`
FROM `atrikuli`
WHERE `ime` = :ime:', [...], false)
 2 APPPATH\Controllers\MakeOrderController.php(36): CodeIgniter\Database\BaseBuilder->get()
 3 APPPATH\Controllers\MakeOrderController.php(19): App\Controllers\MakeOrderController->has_item('Kartof')
 4 SYSTEMPATH\CodeIgniter.php(934): App\Controllers\MakeOrderController->index()
 5 SYSTEMPATH\CodeIgniter.php(499): CodeIgniter\CodeIgniter->runController(Object(App\Controllers\MakeOrderController))
 6 SYSTEMPATH\CodeIgniter.php(368): CodeIgniter\CodeIgniter->handleRequest(null, Object(Config\Cache), false)
 7 FCPATH\index.php(67): CodeIgniter\CodeIgniter->run()
ERROR - 2023-01-19 10:33:06 --> mysqli_sql_exception: Table 'sklad.atrikuli' doesn't exist in E:\wamp64\www\firstci4\vendor\codeigniter4\framework\system\Database\MySQLi\Connection.php:295
Stack trace:
#0 E:\wamp64\www\firstci4\vendor\codeigniter4\framework\system\Database\MySQLi\Connection.php(295): mysqli->query('SELECT `id`\nFRO...', 0)
#1 E:\wamp64\www\firstci4\vendor\codeigniter4\framework\system\Database\BaseConnection.php(691): CodeIgniter\Database\MySQLi\Connection->execute('SELECT `id`\nFRO...')
#2 E:\wamp64\www\firstci4\vendor\codeigniter4\framework\system\Database\BaseConnection.php(605): CodeIgniter\Database\BaseConnection->simpleQuery('SELECT `id`\nFRO...')
#3 E:\wamp64\www\firstci4\vendor\codeigniter4\framework\system\Database\BaseBuilder.php(1602): CodeIgniter\Database\BaseConnection->query('SELECT `id`\nFRO...', Array, false)
#4 E:\wamp64\www\firstci4\app\Controllers\MakeOrderController.php(36): CodeIgniter\Database\BaseBuilder->get()
#5 E:\wamp64\www\firstci4\app\Controllers\MakeOrderController.php(19): App\Controllers\MakeOrderController->has_item('Kartof')
#6 E:\wamp64\www\firstci4\vendor\codeigniter4\framework\system\CodeIgniter.php(934): App\Controllers\MakeOrderController->index()
#7 E:\wamp64\www\firstci4\vendor\codeigniter4\framework\system\CodeIgniter.php(499): CodeIgniter\CodeIgniter->runController(Object(App\Controllers\MakeOrderController))
#8 E:\wamp64\www\firstci4\vendor\codeigniter4\framework\system\CodeIgniter.php(368): CodeIgniter\CodeIgniter->handleRequest(NULL, Object(Config\Cache), false)
#9 E:\wamp64\www\firstci4\public\index.php(67): CodeIgniter\CodeIgniter->run()
#10 {main}
CRITICAL - 2023-01-19 10:33:06 --> Table 'sklad.atrikuli' doesn't exist
in SYSTEMPATH\Database\BaseConnection.php on line 645.
 1 SYSTEMPATH\Database\BaseBuilder.php(1602): CodeIgniter\Database\BaseConnection->query('SELECT `id`
FROM `atrikuli`
WHERE `ime` = :ime:', [...], false)
 2 APPPATH\Controllers\MakeOrderController.php(36): CodeIgniter\Database\BaseBuilder->get()
 3 APPPATH\Controllers\MakeOrderController.php(19): App\Controllers\MakeOrderController->has_item('Kartof')
 4 SYSTEMPATH\CodeIgniter.php(934): App\Controllers\MakeOrderController->index()
 5 SYSTEMPATH\CodeIgniter.php(499): CodeIgniter\CodeIgniter->runController(Object(App\Controllers\MakeOrderController))
 6 SYSTEMPATH\CodeIgniter.php(368): CodeIgniter\CodeIgniter->handleRequest(null, Object(Config\Cache), false)
 7 FCPATH\index.php(67): CodeIgniter\CodeIgniter->run()
ERROR - 2023-01-19 10:33:35 --> mysqli_sql_exception: Table 'sklad.atrikuli' doesn't exist in E:\wamp64\www\firstci4\vendor\codeigniter4\framework\system\Database\MySQLi\Connection.php:295
Stack trace:
#0 E:\wamp64\www\firstci4\vendor\codeigniter4\framework\system\Database\MySQLi\Connection.php(295): mysqli->query('SELECT `id`\nFRO...', 0)
#1 E:\wamp64\www\firstci4\vendor\codeigniter4\framework\system\Database\BaseConnection.php(691): CodeIgniter\Database\MySQLi\Connection->execute('SELECT `id`\nFRO...')
#2 E:\wamp64\www\firstci4\vendor\codeigniter4\framework\system\Database\BaseConnection.php(605): CodeIgniter\Database\BaseConnection->simpleQuery('SELECT `id`\nFRO...')
#3 E:\wamp64\www\firstci4\vendor\codeigniter4\framework\system\Database\BaseBuilder.php(1602): CodeIgniter\Database\BaseConnection->query('SELECT `id`\nFRO...', Array, false)
#4 E:\wamp64\www\firstci4\app\Controllers\MakeOrderController.php(36): CodeIgniter\Database\BaseBuilder->get()
#5 E:\wamp64\www\firstci4\app\Controllers\MakeOrderController.php(19): App\Controllers\MakeOrderController->has_item('Kartof')
#6 E:\wamp64\www\firstci4\vendor\codeigniter4\framework\system\CodeIgniter.php(934): App\Controllers\MakeOrderController->index()
#7 E:\wamp64\www\firstci4\vendor\codeigniter4\framework\system\CodeIgniter.php(499): CodeIgniter\CodeIgniter->runController(Object(App\Controllers\MakeOrderController))
#8 E:\wamp64\www\firstci4\vendor\codeigniter4\framework\system\CodeIgniter.php(368): CodeIgniter\CodeIgniter->handleRequest(NULL, Object(Config\Cache), false)
#9 E:\wamp64\www\firstci4\public\index.php(67): CodeIgniter\CodeIgniter->run()
#10 {main}
CRITICAL - 2023-01-19 10:33:35 --> Table 'sklad.atrikuli' doesn't exist
in SYSTEMPATH\Database\BaseConnection.php on line 645.
 1 SYSTEMPATH\Database\BaseBuilder.php(1602): CodeIgniter\Database\BaseConnection->query('SELECT `id`
FROM `atrikuli`
WHERE `ime` = :ime:', [...], false)
 2 APPPATH\Controllers\MakeOrderController.php(36): CodeIgniter\Database\BaseBuilder->get()
 3 APPPATH\Controllers\MakeOrderController.php(19): App\Controllers\MakeOrderController->has_item('Kartof')
 4 SYSTEMPATH\CodeIgniter.php(934): App\Controllers\MakeOrderController->index()
 5 SYSTEMPATH\CodeIgniter.php(499): CodeIgniter\CodeIgniter->runController(Object(App\Controllers\MakeOrderController))
 6 SYSTEMPATH\CodeIgniter.php(368): CodeIgniter\CodeIgniter->handleRequest(null, Object(Config\Cache), false)
 7 FCPATH\index.php(67): CodeIgniter\CodeIgniter->run()
ERROR - 2023-01-19 10:33:44 --> mysqli_sql_exception: Table 'sklad.atrikuli' doesn't exist in E:\wamp64\www\firstci4\vendor\codeigniter4\framework\system\Database\MySQLi\Connection.php:295
Stack trace:
#0 E:\wamp64\www\firstci4\vendor\codeigniter4\framework\system\Database\MySQLi\Connection.php(295): mysqli->query('SELECT `id`\nFRO...', 0)
#1 E:\wamp64\www\firstci4\vendor\codeigniter4\framework\system\Database\BaseConnection.php(691): CodeIgniter\Database\MySQLi\Connection->execute('SELECT `id`\nFRO...')
#2 E:\wamp64\www\firstci4\vendor\codeigniter4\framework\system\Database\BaseConnection.php(605): CodeIgniter\Database\BaseConnection->simpleQuery('SELECT `id`\nFRO...')
#3 E:\wamp64\www\firstci4\vendor\codeigniter4\framework\system\Database\BaseBuilder.php(1602): CodeIgniter\Database\BaseConnection->query('SELECT `id`\nFRO...', Array, false)
#4 E:\wamp64\www\firstci4\app\Controllers\MakeOrderController.php(36): CodeIgniter\Database\BaseBuilder->get()
#5 E:\wamp64\www\firstci4\app\Controllers\MakeOrderController.php(19): App\Controllers\MakeOrderController->has_item('Kartof')
#6 E:\wamp64\www\firstci4\vendor\codeigniter4\framework\system\CodeIgniter.php(934): App\Controllers\MakeOrderController->index()
#7 E:\wamp64\www\firstci4\vendor\codeigniter4\framework\system\CodeIgniter.php(499): CodeIgniter\CodeIgniter->runController(Object(App\Controllers\MakeOrderController))
#8 E:\wamp64\www\firstci4\vendor\codeigniter4\framework\system\CodeIgniter.php(368): CodeIgniter\CodeIgniter->handleRequest(NULL, Object(Config\Cache), false)
#9 E:\wamp64\www\firstci4\public\index.php(67): CodeIgniter\CodeIgniter->run()
#10 {main}
CRITICAL - 2023-01-19 10:33:44 --> Table 'sklad.atrikuli' doesn't exist
in SYSTEMPATH\Database\BaseConnection.php on line 645.
 1 SYSTEMPATH\Database\BaseBuilder.php(1602): CodeIgniter\Database\BaseConnection->query('SELECT `id`
FROM `atrikuli`
WHERE `ime` = :ime:', [...], false)
 2 APPPATH\Controllers\MakeOrderController.php(36): CodeIgniter\Database\BaseBuilder->get()
 3 APPPATH\Controllers\MakeOrderController.php(19): App\Controllers\MakeOrderController->has_item('Kartof')
 4 SYSTEMPATH\CodeIgniter.php(934): App\Controllers\MakeOrderController->index()
 5 SYSTEMPATH\CodeIgniter.php(499): CodeIgniter\CodeIgniter->runController(Object(App\Controllers\MakeOrderController))
 6 SYSTEMPATH\CodeIgniter.php(368): CodeIgniter\CodeIgniter->handleRequest(null, Object(Config\Cache), false)
 7 FCPATH\index.php(67): CodeIgniter\CodeIgniter->run()
ERROR - 2023-01-19 11:37:49 --> mysqli_sql_exception: Table 'sklad.users' doesn't exist in E:\wamp64\www\firstci4\vendor\codeigniter4\framework\system\Database\MySQLi\Connection.php:295
Stack trace:
#0 E:\wamp64\www\firstci4\vendor\codeigniter4\framework\system\Database\MySQLi\Connection.php(295): mysqli->query('Select username...', 0)
#1 E:\wamp64\www\firstci4\vendor\codeigniter4\framework\system\Database\BaseConnection.php(691): CodeIgniter\Database\MySQLi\Connection->execute('Select username...')
#2 E:\wamp64\www\firstci4\vendor\codeigniter4\framework\system\Database\BaseConnection.php(605): CodeIgniter\Database\BaseConnection->simpleQuery('Select username...')
#3 E:\wamp64\www\firstci4\app\Libraries\TestLibrary.php(14): CodeIgniter\Database\BaseConnection->query('Select username...')
#4 E:\wamp64\www\firstci4\app\Controllers\Home.php(47): App\Libraries\TestLibrary->getData()
#5 E:\wamp64\www\firstci4\vendor\codeigniter4\framework\system\CodeIgniter.php(934): App\Controllers\Home->index()
#6 E:\wamp64\www\firstci4\vendor\codeigniter4\framework\system\CodeIgniter.php(499): CodeIgniter\CodeIgniter->runController(Object(App\Controllers\Home))
#7 E:\wamp64\www\firstci4\vendor\codeigniter4\framework\system\CodeIgniter.php(368): CodeIgniter\CodeIgniter->handleRequest(NULL, Object(Config\Cache), false)
#8 E:\wamp64\www\firstci4\public\index.php(67): CodeIgniter\CodeIgniter->run()
#9 {main}
CRITICAL - 2023-01-19 11:37:49 --> Table 'sklad.users' doesn't exist
in SYSTEMPATH\Database\BaseConnection.php on line 645.
 1 APPPATH\Libraries\TestLibrary.php(14): CodeIgniter\Database\BaseConnection->query('Select username from users')
 2 APPPATH\Controllers\Home.php(47): App\Libraries\TestLibrary->getData()
 3 SYSTEMPATH\CodeIgniter.php(934): App\Controllers\Home->index()
 4 SYSTEMPATH\CodeIgniter.php(499): CodeIgniter\CodeIgniter->runController(Object(App\Controllers\Home))
 5 SYSTEMPATH\CodeIgniter.php(368): CodeIgniter\CodeIgniter->handleRequest(null, Object(Config\Cache), false)
 6 FCPATH\index.php(67): CodeIgniter\CodeIgniter->run()
ERROR - 2023-01-19 11:37:52 --> mysqli_sql_exception: Table 'sklad.users' doesn't exist in E:\wamp64\www\firstci4\vendor\codeigniter4\framework\system\Database\MySQLi\Connection.php:295
Stack trace:
#0 E:\wamp64\www\firstci4\vendor\codeigniter4\framework\system\Database\MySQLi\Connection.php(295): mysqli->query('Select username...', 0)
#1 E:\wamp64\www\firstci4\vendor\codeigniter4\framework\system\Database\BaseConnection.php(691): CodeIgniter\Database\MySQLi\Connection->execute('Select username...')
#2 E:\wamp64\www\firstci4\vendor\codeigniter4\framework\system\Database\BaseConnection.php(605): CodeIgniter\Database\BaseConnection->simpleQuery('Select username...')
#3 E:\wamp64\www\firstci4\app\Libraries\TestLibrary.php(14): CodeIgniter\Database\BaseConnection->query('Select username...')
#4 E:\wamp64\www\firstci4\app\Controllers\Home.php(47): App\Libraries\TestLibrary->getData()
#5 E:\wamp64\www\firstci4\vendor\codeigniter4\framework\system\CodeIgniter.php(934): App\Controllers\Home->index()
#6 E:\wamp64\www\firstci4\vendor\codeigniter4\framework\system\CodeIgniter.php(499): CodeIgniter\CodeIgniter->runController(Object(App\Controllers\Home))
#7 E:\wamp64\www\firstci4\vendor\codeigniter4\framework\system\CodeIgniter.php(368): CodeIgniter\CodeIgniter->handleRequest(NULL, Object(Config\Cache), false)
#8 E:\wamp64\www\firstci4\public\index.php(67): CodeIgniter\CodeIgniter->run()
#9 {main}
CRITICAL - 2023-01-19 11:37:52 --> Table 'sklad.users' doesn't exist
in SYSTEMPATH\Database\BaseConnection.php on line 645.
 1 APPPATH\Libraries\TestLibrary.php(14): CodeIgniter\Database\BaseConnection->query('Select username from users')
 2 APPPATH\Controllers\Home.php(47): App\Libraries\TestLibrary->getData()
 3 SYSTEMPATH\CodeIgniter.php(934): App\Controllers\Home->index()
 4 SYSTEMPATH\CodeIgniter.php(499): CodeIgniter\CodeIgniter->runController(Object(App\Controllers\Home))
 5 SYSTEMPATH\CodeIgniter.php(368): CodeIgniter\CodeIgniter->handleRequest(null, Object(Config\Cache), false)
 6 FCPATH\index.php(67): CodeIgniter\CodeIgniter->run()
ERROR - 2023-01-19 11:37:57 --> mysqli_sql_exception: Table 'sklad.users' doesn't exist in E:\wamp64\www\firstci4\vendor\codeigniter4\framework\system\Database\MySQLi\Connection.php:295
Stack trace:
#0 E:\wamp64\www\firstci4\vendor\codeigniter4\framework\system\Database\MySQLi\Connection.php(295): mysqli->query('Select username...', 0)
#1 E:\wamp64\www\firstci4\vendor\codeigniter4\framework\system\Database\BaseConnection.php(691): CodeIgniter\Database\MySQLi\Connection->execute('Select username...')
#2 E:\wamp64\www\firstci4\vendor\codeigniter4\framework\system\Database\BaseConnection.php(605): CodeIgniter\Database\BaseConnection->simpleQuery('Select username...')
#3 E:\wamp64\www\firstci4\app\Libraries\TestLibrary.php(14): CodeIgniter\Database\BaseConnection->query('Select username...')
#4 E:\wamp64\www\firstci4\app\Controllers\Home.php(47): App\Libraries\TestLibrary->getData()
#5 E:\wamp64\www\firstci4\vendor\codeigniter4\framework\system\CodeIgniter.php(934): App\Controllers\Home->index()
#6 E:\wamp64\www\firstci4\vendor\codeigniter4\framework\system\CodeIgniter.php(499): CodeIgniter\CodeIgniter->runController(Object(App\Controllers\Home))
#7 E:\wamp64\www\firstci4\vendor\codeigniter4\framework\system\CodeIgniter.php(368): CodeIgniter\CodeIgniter->handleRequest(NULL, Object(Config\Cache), false)
#8 E:\wamp64\www\firstci4\public\index.php(67): CodeIgniter\CodeIgniter->run()
#9 {main}
CRITICAL - 2023-01-19 11:37:57 --> Table 'sklad.users' doesn't exist
in SYSTEMPATH\Database\BaseConnection.php on line 645.
 1 APPPATH\Libraries\TestLibrary.php(14): CodeIgniter\Database\BaseConnection->query('Select username from users')
 2 APPPATH\Controllers\Home.php(47): App\Libraries\TestLibrary->getData()
 3 SYSTEMPATH\CodeIgniter.php(934): App\Controllers\Home->index()
 4 SYSTEMPATH\CodeIgniter.php(499): CodeIgniter\CodeIgniter->runController(Object(App\Controllers\Home))
 5 SYSTEMPATH\CodeIgniter.php(368): CodeIgniter\CodeIgniter->handleRequest(null, Object(Config\Cache), false)
 6 FCPATH\index.php(67): CodeIgniter\CodeIgniter->run()
ERROR - 2023-01-19 12:27:00 --> mysqli_sql_exception: Table 'sklad.users' doesn't exist in E:\wamp64\www\firstci4\vendor\codeigniter4\framework\system\Database\MySQLi\Connection.php:295
Stack trace:
#0 E:\wamp64\www\firstci4\vendor\codeigniter4\framework\system\Database\MySQLi\Connection.php(295): mysqli->query('Select username...', 0)
#1 E:\wamp64\www\firstci4\vendor\codeigniter4\framework\system\Database\BaseConnection.php(691): CodeIgniter\Database\MySQLi\Connection->execute('Select username...')
#2 E:\wamp64\www\firstci4\vendor\codeigniter4\framework\system\Database\BaseConnection.php(605): CodeIgniter\Database\BaseConnection->simpleQuery('Select username...')
#3 E:\wamp64\www\firstci4\app\Libraries\TestLibrary.php(14): CodeIgniter\Database\BaseConnection->query('Select username...')
#4 E:\wamp64\www\firstci4\app\Controllers\Home.php(47): App\Libraries\TestLibrary->getData()
#5 E:\wamp64\www\firstci4\vendor\codeigniter4\framework\system\CodeIgniter.php(934): App\Controllers\Home->index()
#6 E:\wamp64\www\firstci4\vendor\codeigniter4\framework\system\CodeIgniter.php(499): CodeIgniter\CodeIgniter->runController(Object(App\Controllers\Home))
#7 E:\wamp64\www\firstci4\vendor\codeigniter4\framework\system\CodeIgniter.php(368): CodeIgniter\CodeIgniter->handleRequest(NULL, Object(Config\Cache), false)
#8 E:\wamp64\www\firstci4\public\index.php(67): CodeIgniter\CodeIgniter->run()
#9 {main}
CRITICAL - 2023-01-19 12:27:00 --> Table 'sklad.users' doesn't exist
in SYSTEMPATH\Database\BaseConnection.php on line 645.
 1 APPPATH\Libraries\TestLibrary.php(14): CodeIgniter\Database\BaseConnection->query('Select username from users')
 2 APPPATH\Controllers\Home.php(47): App\Libraries\TestLibrary->getData()
 3 SYSTEMPATH\CodeIgniter.php(934): App\Controllers\Home->index()
 4 SYSTEMPATH\CodeIgniter.php(499): CodeIgniter\CodeIgniter->runController(Object(App\Controllers\Home))
 5 SYSTEMPATH\CodeIgniter.php(368): CodeIgniter\CodeIgniter->handleRequest(null, Object(Config\Cache), false)
 6 FCPATH\index.php(67): CodeIgniter\CodeIgniter->run()
ERROR - 2023-01-19 12:32:16 --> mysqli_sql_exception: Table 'sklad.users' doesn't exist in E:\wamp64\www\firstci4\vendor\codeigniter4\framework\system\Database\MySQLi\Connection.php:295
Stack trace:
#0 E:\wamp64\www\firstci4\vendor\codeigniter4\framework\system\Database\MySQLi\Connection.php(295): mysqli->query('Select username...', 0)
#1 E:\wamp64\www\firstci4\vendor\codeigniter4\framework\system\Database\BaseConnection.php(691): CodeIgniter\Database\MySQLi\Connection->execute('Select username...')
#2 E:\wamp64\www\firstci4\vendor\codeigniter4\framework\system\Database\BaseConnection.php(605): CodeIgniter\Database\BaseConnection->simpleQuery('Select username...')
#3 E:\wamp64\www\firstci4\app\Libraries\TestLibrary.php(14): CodeIgniter\Database\BaseConnection->query('Select username...')
#4 E:\wamp64\www\firstci4\app\Controllers\Home.php(47): App\Libraries\TestLibrary->getData()
#5 E:\wamp64\www\firstci4\vendor\codeigniter4\framework\system\CodeIgniter.php(934): App\Controllers\Home->index()
#6 E:\wamp64\www\firstci4\vendor\codeigniter4\framework\system\CodeIgniter.php(499): CodeIgniter\CodeIgniter->runController(Object(App\Controllers\Home))
#7 E:\wamp64\www\firstci4\vendor\codeigniter4\framework\system\CodeIgniter.php(368): CodeIgniter\CodeIgniter->handleRequest(NULL, Object(Config\Cache), false)
#8 E:\wamp64\www\firstci4\public\index.php(67): CodeIgniter\CodeIgniter->run()
#9 {main}
CRITICAL - 2023-01-19 12:32:16 --> Table 'sklad.users' doesn't exist
in SYSTEMPATH\Database\BaseConnection.php on line 645.
 1 APPPATH\Libraries\TestLibrary.php(14): CodeIgniter\Database\BaseConnection->query('Select username from users')
 2 APPPATH\Controllers\Home.php(47): App\Libraries\TestLibrary->getData()
 3 SYSTEMPATH\CodeIgniter.php(934): App\Controllers\Home->index()
 4 SYSTEMPATH\CodeIgniter.php(499): CodeIgniter\CodeIgniter->runController(Object(App\Controllers\Home))
 5 SYSTEMPATH\CodeIgniter.php(368): CodeIgniter\CodeIgniter->handleRequest(null, Object(Config\Cache), false)
 6 FCPATH\index.php(67): CodeIgniter\CodeIgniter->run()
ERROR - 2023-01-19 18:27:38 --> mysqli_sql_exception: Table 'sklad.users' doesn't exist in E:\wamp64\www\firstci4\vendor\codeigniter4\framework\system\Database\MySQLi\Connection.php:295
Stack trace:
#0 E:\wamp64\www\firstci4\vendor\codeigniter4\framework\system\Database\MySQLi\Connection.php(295): mysqli->query('Select username...', 0)
#1 E:\wamp64\www\firstci4\vendor\codeigniter4\framework\system\Database\BaseConnection.php(691): CodeIgniter\Database\MySQLi\Connection->execute('Select username...')
#2 E:\wamp64\www\firstci4\vendor\codeigniter4\framework\system\Database\BaseConnection.php(605): CodeIgniter\Database\BaseConnection->simpleQuery('Select username...')
#3 E:\wamp64\www\firstci4\app\Libraries\TestLibrary.php(14): CodeIgniter\Database\BaseConnection->query('Select username...')
#4 E:\wamp64\www\firstci4\app\Controllers\Home.php(47): App\Libraries\TestLibrary->getData()
#5 E:\wamp64\www\firstci4\vendor\codeigniter4\framework\system\CodeIgniter.php(934): App\Controllers\Home->index()
#6 E:\wamp64\www\firstci4\vendor\codeigniter4\framework\system\CodeIgniter.php(499): CodeIgniter\CodeIgniter->runController(Object(App\Controllers\Home))
#7 E:\wamp64\www\firstci4\vendor\codeigniter4\framework\system\CodeIgniter.php(368): CodeIgniter\CodeIgniter->handleRequest(NULL, Object(Config\Cache), false)
#8 E:\wamp64\www\firstci4\public\index.php(67): CodeIgniter\CodeIgniter->run()
#9 {main}
CRITICAL - 2023-01-19 18:27:38 --> Table 'sklad.users' doesn't exist
in SYSTEMPATH\Database\BaseConnection.php on line 645.
 1 APPPATH\Libraries\TestLibrary.php(14): CodeIgniter\Database\BaseConnection->query('Select username from users')
 2 APPPATH\Controllers\Home.php(47): App\Libraries\TestLibrary->getData()
 3 SYSTEMPATH\CodeIgniter.php(934): App\Controllers\Home->index()
 4 SYSTEMPATH\CodeIgniter.php(499): CodeIgniter\CodeIgniter->runController(Object(App\Controllers\Home))
 5 SYSTEMPATH\CodeIgniter.php(368): CodeIgniter\CodeIgniter->handleRequest(null, Object(Config\Cache), false)
 6 FCPATH\index.php(67): CodeIgniter\CodeIgniter->run()
