CRITICAL - 2023-01-18 14:36:51 --> Argument 1 passed to CodeIgniter\View\Table::_prepArgs() must be of the type array, string given, called in E:\wamp64\www\firstci4\vendor\codeigniter4\framework\system\View\Table.php on line 435
in SYSTEMPATH\View\Table.php on line 222.
 1 SYSTEMPATH\View\Table.php(435): CodeIgniter\View\Table->_prepArgs('Name')
 2 SYSTEMPATH\View\Table.php(269): CodeIgniter\View\Table->_setFromArray([...])
 3 APPPATH\Controllers\Home.php(21): CodeIgniter\View\Table->generate([...])
 4 SYSTEMPATH\CodeIgniter.php(934): App\Controllers\Home->index()
 5 SYSTEMPATH\CodeIgniter.php(499): CodeIgniter\CodeIgniter->runController(Object(App\Controllers\Home))
 6 SYSTEMPATH\CodeIgniter.php(368): CodeIgniter\CodeIgniter->handleRequest(null, Object(Config\Cache), false)
 7 FCPATH\index.php(67): CodeIgniter\CodeIgniter->run()
CRITICAL - 2023-01-18 14:42:18 --> Undefined variable: page_title
in APPPATH\Views\welcome_message.php on line 297.
 1 APPPATH\Views\welcome_message.php(297): CodeIgniter\Debug\Exceptions->errorHandler(8, 'Undefined variable: page_title', 'APPPATH\\Views\\welcome_message.php', 297, [...])
 2 SYSTEMPATH\View\View.php(213): include('APPPATH\\Views\\welcome_message.php')
 3 SYSTEMPATH\View\View.php(216): CodeIgniter\View\View->CodeIgniter\View\{closure}()
 4 SYSTEMPATH\Common.php(1177): CodeIgniter\View\View->render('welcome_message', [], true)
 5 APPPATH\Controllers\Home.php(22): view('welcome_message', [...])
 6 SYSTEMPATH\CodeIgniter.php(934): App\Controllers\Home->index()
 7 SYSTEMPATH\CodeIgniter.php(499): CodeIgniter\CodeIgniter->runController(Object(App\Controllers\Home))
 8 SYSTEMPATH\CodeIgniter.php(368): CodeIgniter\CodeIgniter->handleRequest(null, Object(Config\Cache), false)
 9 FCPATH\index.php(67): CodeIgniter\CodeIgniter->run()
CRITICAL - 2023-01-18 14:42:19 --> Undefined variable: page_title
in APPPATH\Views\welcome_message.php on line 297.
 1 APPPATH\Views\welcome_message.php(297): CodeIgniter\Debug\Exceptions->errorHandler(8, 'Undefined variable: page_title', 'APPPATH\\Views\\welcome_message.php', 297, [...])
 2 SYSTEMPATH\View\View.php(213): include('APPPATH\\Views\\welcome_message.php')
 3 SYSTEMPATH\View\View.php(216): CodeIgniter\View\View->CodeIgniter\View\{closure}()
 4 SYSTEMPATH\Common.php(1177): CodeIgniter\View\View->render('welcome_message', [], true)
 5 APPPATH\Controllers\Home.php(22): view('welcome_message', [...])
 6 SYSTEMPATH\CodeIgniter.php(934): App\Controllers\Home->index()
 7 SYSTEMPATH\CodeIgniter.php(499): CodeIgniter\CodeIgniter->runController(Object(App\Controllers\Home))
 8 SYSTEMPATH\CodeIgniter.php(368): CodeIgniter\CodeIgniter->handleRequest(null, Object(Config\Cache), false)
 9 FCPATH\index.php(67): CodeIgniter\CodeIgniter->run()
CRITICAL - 2023-01-18 14:42:31 --> Undefined variable: records
in APPPATH\Views\welcome_message.php on line 297.
 1 APPPATH\Views\welcome_message.php(297): CodeIgniter\Debug\Exceptions->errorHandler(8, 'Undefined variable: records', 'APPPATH\\Views\\welcome_message.php', 297, [...])
 2 SYSTEMPATH\View\View.php(213): include('APPPATH\\Views\\welcome_message.php')
 3 SYSTEMPATH\View\View.php(216): CodeIgniter\View\View->CodeIgniter\View\{closure}()
 4 SYSTEMPATH\Common.php(1177): CodeIgniter\View\View->render('welcome_message', [], true)
 5 APPPATH\Controllers\Home.php(22): view('welcome_message', [...])
 6 SYSTEMPATH\CodeIgniter.php(934): App\Controllers\Home->index()
 7 SYSTEMPATH\CodeIgniter.php(499): CodeIgniter\CodeIgniter->runController(Object(App\Controllers\Home))
 8 SYSTEMPATH\CodeIgniter.php(368): CodeIgniter\CodeIgniter->handleRequest(null, Object(Config\Cache), false)
 9 FCPATH\index.php(67): CodeIgniter\CodeIgniter->run()
CRITICAL - 2023-01-18 14:42:32 --> Undefined variable: records
in APPPATH\Views\welcome_message.php on line 297.
 1 APPPATH\Views\welcome_message.php(297): CodeIgniter\Debug\Exceptions->errorHandler(8, 'Undefined variable: records', 'APPPATH\\Views\\welcome_message.php', 297, [...])
 2 SYSTEMPATH\View\View.php(213): include('APPPATH\\Views\\welcome_message.php')
 3 SYSTEMPATH\View\View.php(216): CodeIgniter\View\View->CodeIgniter\View\{closure}()
 4 SYSTEMPATH\Common.php(1177): CodeIgniter\View\View->render('welcome_message', [], true)
 5 APPPATH\Controllers\Home.php(22): view('welcome_message', [...])
 6 SYSTEMPATH\CodeIgniter.php(934): App\Controllers\Home->index()
 7 SYSTEMPATH\CodeIgniter.php(499): CodeIgniter\CodeIgniter->runController(Object(App\Controllers\Home))
 8 SYSTEMPATH\CodeIgniter.php(368): CodeIgniter\CodeIgniter->handleRequest(null, Object(Config\Cache), false)
 9 FCPATH\index.php(67): CodeIgniter\CodeIgniter->run()
CRITICAL - 2023-01-18 15:50:52 --> Argument 1 passed to CodeIgniter\View\Table::_prepArgs() must be of the type array, object given, called in E:\wamp64\www\firstci4\vendor\codeigniter4\framework\system\View\Table.php on line 435
in SYSTEMPATH\View\Table.php on line 222.
 1 SYSTEMPATH\View\Table.php(435): CodeIgniter\View\Table->_prepArgs(Object(stdClass))
 2 SYSTEMPATH\View\Table.php(269): CodeIgniter\View\Table->_setFromArray([...])
 3 APPPATH\Controllers\Home.php(38): CodeIgniter\View\Table->generate([...])
 4 SYSTEMPATH\CodeIgniter.php(934): App\Controllers\Home->index()
 5 SYSTEMPATH\CodeIgniter.php(499): CodeIgniter\CodeIgniter->runController(Object(App\Controllers\Home))
 6 SYSTEMPATH\CodeIgniter.php(368): CodeIgniter\CodeIgniter->handleRequest(null, Object(Config\Cache), false)
 7 FCPATH\index.php(67): CodeIgniter\CodeIgniter->run()
CRITICAL - 2023-01-18 15:52:09 --> Invalid argument supplied for foreach()
in APPPATH\Views\welcome_message.php on line 295.
 1 APPPATH\Views\welcome_message.php(295): CodeIgniter\Debug\Exceptions->errorHandler(2, 'Invalid argument supplied for foreach()', 'APPPATH\\Views\\welcome_message.php', 295, [...])
 2 SYSTEMPATH\View\View.php(213): include('APPPATH\\Views\\welcome_message.php')
 3 SYSTEMPATH\View\View.php(216): CodeIgniter\View\View->CodeIgniter\View\{closure}()
 4 SYSTEMPATH\Common.php(1177): CodeIgniter\View\View->render('welcome_message', [], true)
 5 APPPATH\Controllers\Home.php(39): view('welcome_message', [...])
 6 SYSTEMPATH\CodeIgniter.php(934): App\Controllers\Home->index()
 7 SYSTEMPATH\CodeIgniter.php(499): CodeIgniter\CodeIgniter->runController(Object(App\Controllers\Home))
 8 SYSTEMPATH\CodeIgniter.php(368): CodeIgniter\CodeIgniter->handleRequest(null, Object(Config\Cache), false)
 9 FCPATH\index.php(67): CodeIgniter\CodeIgniter->run()
CRITICAL - 2023-01-18 15:52:27 --> Invalid argument supplied for foreach()
in APPPATH\Views\welcome_message.php on line 295.
 1 APPPATH\Views\welcome_message.php(295): CodeIgniter\Debug\Exceptions->errorHandler(2, 'Invalid argument supplied for foreach()', 'APPPATH\\Views\\welcome_message.php', 295, [...])
 2 SYSTEMPATH\View\View.php(213): include('APPPATH\\Views\\welcome_message.php')
 3 SYSTEMPATH\View\View.php(216): CodeIgniter\View\View->CodeIgniter\View\{closure}()
 4 SYSTEMPATH\Common.php(1177): CodeIgniter\View\View->render('welcome_message', [], true)
 5 APPPATH\Controllers\Home.php(39): view('welcome_message', [...])
 6 SYSTEMPATH\CodeIgniter.php(934): App\Controllers\Home->index()
 7 SYSTEMPATH\CodeIgniter.php(499): CodeIgniter\CodeIgniter->runController(Object(App\Controllers\Home))
 8 SYSTEMPATH\CodeIgniter.php(368): CodeIgniter\CodeIgniter->handleRequest(null, Object(Config\Cache), false)
 9 FCPATH\index.php(67): CodeIgniter\CodeIgniter->run()
CRITICAL - 2023-01-18 18:49:37 --> Class 'CodeIgniter\CodeIgniter\Model' not found
in APPPATH\Models\UsersModel.php on line 8.
 1 SYSTEMPATH\Autoloader\Autoloader.php(312): include_once()
 2 SYSTEMPATH\Autoloader\Autoloader.php(289): CodeIgniter\Autoloader\Autoloader->includeFile('APPPATH\\Models\\UsersModel.php')
 3 SYSTEMPATH\Autoloader\Autoloader.php(267): CodeIgniter\Autoloader\Autoloader->loadInNamespace('App\\Models\\UsersModel')
 4 [internal function]: CodeIgniter\Autoloader\Autoloader->loadClass('App\\Models\\UsersModel')
 5 APPPATH\Controllers\Data.php(11): spl_autoload_call('App\\Models\\UsersModel')
 6 SYSTEMPATH\CodeIgniter.php(934): App\Controllers\Data->index()
 7 SYSTEMPATH\CodeIgniter.php(499): CodeIgniter\CodeIgniter->runController(Object(App\Controllers\Data))
 8 SYSTEMPATH\CodeIgniter.php(368): CodeIgniter\CodeIgniter->handleRequest(null, Object(Config\Cache), false)
 9 FCPATH\index.php(67): CodeIgniter\CodeIgniter->run()
CRITICAL - 2023-01-18 18:49:59 --> Class 'CodeIgniter\CodeIgniter\Models' not found
in APPPATH\Models\UsersModel.php on line 8.
 1 SYSTEMPATH\Autoloader\Autoloader.php(312): include_once()
 2 SYSTEMPATH\Autoloader\Autoloader.php(289): CodeIgniter\Autoloader\Autoloader->includeFile('APPPATH\\Models\\UsersModel.php')
 3 SYSTEMPATH\Autoloader\Autoloader.php(267): CodeIgniter\Autoloader\Autoloader->loadInNamespace('App\\Models\\UsersModel')
 4 [internal function]: CodeIgniter\Autoloader\Autoloader->loadClass('App\\Models\\UsersModel')
 5 APPPATH\Controllers\Data.php(11): spl_autoload_call('App\\Models\\UsersModel')
 6 SYSTEMPATH\CodeIgniter.php(934): App\Controllers\Data->index()
 7 SYSTEMPATH\CodeIgniter.php(499): CodeIgniter\CodeIgniter->runController(Object(App\Controllers\Data))
 8 SYSTEMPATH\CodeIgniter.php(368): CodeIgniter\CodeIgniter->handleRequest(null, Object(Config\Cache), false)
 9 FCPATH\index.php(67): CodeIgniter\CodeIgniter->run()
CRITICAL - 2023-01-18 18:50:06 --> Class 'CodeIgniter\CodeIgniter\Model' not found
in APPPATH\Models\UsersModel.php on line 8.
 1 SYSTEMPATH\Autoloader\Autoloader.php(312): include_once()
 2 SYSTEMPATH\Autoloader\Autoloader.php(289): CodeIgniter\Autoloader\Autoloader->includeFile('APPPATH\\Models\\UsersModel.php')
 3 SYSTEMPATH\Autoloader\Autoloader.php(267): CodeIgniter\Autoloader\Autoloader->loadInNamespace('App\\Models\\UsersModel')
 4 [internal function]: CodeIgniter\Autoloader\Autoloader->loadClass('App\\Models\\UsersModel')
 5 APPPATH\Controllers\Data.php(11): spl_autoload_call('App\\Models\\UsersModel')
 6 SYSTEMPATH\CodeIgniter.php(934): App\Controllers\Data->index()
 7 SYSTEMPATH\CodeIgniter.php(499): CodeIgniter\CodeIgniter->runController(Object(App\Controllers\Data))
 8 SYSTEMPATH\CodeIgniter.php(368): CodeIgniter\CodeIgniter->handleRequest(null, Object(Config\Cache), false)
 9 FCPATH\index.php(67): CodeIgniter\CodeIgniter->run()
CRITICAL - 2023-01-18 18:53:15 --> Undefined variable: users
in APPPATH\Views\welcome_message.php on line 297.
 1 APPPATH\Views\welcome_message.php(297): CodeIgniter\Debug\Exceptions->errorHandler(8, 'Undefined variable: users', 'APPPATH\\Views\\welcome_message.php', 297, [])
 2 SYSTEMPATH\View\View.php(213): include('APPPATH\\Views\\welcome_message.php')
 3 SYSTEMPATH\View\View.php(216): CodeIgniter\View\View->CodeIgniter\View\{closure}()
 4 SYSTEMPATH\Common.php(1177): CodeIgniter\View\View->render('welcome_message', [], true)
 5 APPPATH\Controllers\Data.php(13): view('welcome_message')
 6 SYSTEMPATH\CodeIgniter.php(934): App\Controllers\Data->index()
 7 SYSTEMPATH\CodeIgniter.php(499): CodeIgniter\CodeIgniter->runController(Object(App\Controllers\Data))
 8 SYSTEMPATH\CodeIgniter.php(368): CodeIgniter\CodeIgniter->handleRequest(null, Object(Config\Cache), false)
 9 FCPATH\index.php(67): CodeIgniter\CodeIgniter->run()
CRITICAL - 2023-01-18 18:53:25 --> Undefined variable: users
in APPPATH\Views\welcome_message.php on line 297.
 1 APPPATH\Views\welcome_message.php(297): CodeIgniter\Debug\Exceptions->errorHandler(8, 'Undefined variable: users', 'APPPATH\\Views\\welcome_message.php', 297, [])
 2 SYSTEMPATH\View\View.php(213): include('APPPATH\\Views\\welcome_message.php')
 3 SYSTEMPATH\View\View.php(216): CodeIgniter\View\View->CodeIgniter\View\{closure}()
 4 SYSTEMPATH\Common.php(1177): CodeIgniter\View\View->render('welcome_message', [], true)
 5 APPPATH\Controllers\Data.php(13): view('welcome_message', [...])
 6 SYSTEMPATH\CodeIgniter.php(934): App\Controllers\Data->index()
 7 SYSTEMPATH\CodeIgniter.php(499): CodeIgniter\CodeIgniter->runController(Object(App\Controllers\Data))
 8 SYSTEMPATH\CodeIgniter.php(368): CodeIgniter\CodeIgniter->handleRequest(null, Object(Config\Cache), false)
 9 FCPATH\index.php(67): CodeIgniter\CodeIgniter->run()
CRITICAL - 2023-01-18 18:53:26 --> Undefined variable: users
in APPPATH\Views\welcome_message.php on line 297.
 1 APPPATH\Views\welcome_message.php(297): CodeIgniter\Debug\Exceptions->errorHandler(8, 'Undefined variable: users', 'APPPATH\\Views\\welcome_message.php', 297, [])
 2 SYSTEMPATH\View\View.php(213): include('APPPATH\\Views\\welcome_message.php')
 3 SYSTEMPATH\View\View.php(216): CodeIgniter\View\View->CodeIgniter\View\{closure}()
 4 SYSTEMPATH\Common.php(1177): CodeIgniter\View\View->render('welcome_message', [], true)
 5 APPPATH\Controllers\Data.php(13): view('welcome_message', [...])
 6 SYSTEMPATH\CodeIgniter.php(934): App\Controllers\Data->index()
 7 SYSTEMPATH\CodeIgniter.php(499): CodeIgniter\CodeIgniter->runController(Object(App\Controllers\Data))
 8 SYSTEMPATH\CodeIgniter.php(368): CodeIgniter\CodeIgniter->handleRequest(null, Object(Config\Cache), false)
 9 FCPATH\index.php(67): CodeIgniter\CodeIgniter->run()
CRITICAL - 2023-01-18 18:53:27 --> Undefined variable: users
in APPPATH\Views\welcome_message.php on line 297.
 1 APPPATH\Views\welcome_message.php(297): CodeIgniter\Debug\Exceptions->errorHandler(8, 'Undefined variable: users', 'APPPATH\\Views\\welcome_message.php', 297, [])
 2 SYSTEMPATH\View\View.php(213): include('APPPATH\\Views\\welcome_message.php')
 3 SYSTEMPATH\View\View.php(216): CodeIgniter\View\View->CodeIgniter\View\{closure}()
 4 SYSTEMPATH\Common.php(1177): CodeIgniter\View\View->render('welcome_message', [], true)
 5 APPPATH\Controllers\Data.php(13): view('welcome_message', [...])
 6 SYSTEMPATH\CodeIgniter.php(934): App\Controllers\Data->index()
 7 SYSTEMPATH\CodeIgniter.php(499): CodeIgniter\CodeIgniter->runController(Object(App\Controllers\Data))
 8 SYSTEMPATH\CodeIgniter.php(368): CodeIgniter\CodeIgniter->handleRequest(null, Object(Config\Cache), false)
 9 FCPATH\index.php(67): CodeIgniter\CodeIgniter->run()
CRITICAL - 2023-01-18 18:55:46 --> Undefined variable: users
in APPPATH\Views\welcome_message.php on line 296.
 1 APPPATH\Views\welcome_message.php(296): CodeIgniter\Debug\Exceptions->errorHandler(8, 'Undefined variable: users', 'APPPATH\\Views\\welcome_message.php', 296, [])
 2 SYSTEMPATH\View\View.php(213): include('APPPATH\\Views\\welcome_message.php')
 3 SYSTEMPATH\View\View.php(216): CodeIgniter\View\View->CodeIgniter\View\{closure}()
 4 SYSTEMPATH\Common.php(1177): CodeIgniter\View\View->render('welcome_message', [], true)
 5 APPPATH\Controllers\Data.php(13): view('welcome_message', [...])
 6 SYSTEMPATH\CodeIgniter.php(934): App\Controllers\Data->index()
 7 SYSTEMPATH\CodeIgniter.php(499): CodeIgniter\CodeIgniter->runController(Object(App\Controllers\Data))
 8 SYSTEMPATH\CodeIgniter.php(368): CodeIgniter\CodeIgniter->handleRequest(null, Object(Config\Cache), false)
 9 FCPATH\index.php(67): CodeIgniter\CodeIgniter->run()
CRITICAL - 2023-01-18 18:56:11 --> Undefined variable: users
in APPPATH\Views\welcome_message.php on line 296.
 1 APPPATH\Views\welcome_message.php(296): CodeIgniter\Debug\Exceptions->errorHandler(8, 'Undefined variable: users', 'APPPATH\\Views\\welcome_message.php', 296, [])
 2 SYSTEMPATH\View\View.php(213): include('APPPATH\\Views\\welcome_message.php')
 3 SYSTEMPATH\View\View.php(216): CodeIgniter\View\View->CodeIgniter\View\{closure}()
 4 SYSTEMPATH\Common.php(1177): CodeIgniter\View\View->render('welcome_message', [], true)
 5 APPPATH\Controllers\Data.php(13): view('welcome_message', [...])
 6 SYSTEMPATH\CodeIgniter.php(934): App\Controllers\Data->index()
 7 SYSTEMPATH\CodeIgniter.php(499): CodeIgniter\CodeIgniter->runController(Object(App\Controllers\Data))
 8 SYSTEMPATH\CodeIgniter.php(368): CodeIgniter\CodeIgniter->handleRequest(null, Object(Config\Cache), false)
 9 FCPATH\index.php(67): CodeIgniter\CodeIgniter->run()
CRITICAL - 2023-01-18 18:56:12 --> Undefined variable: users
in APPPATH\Views\welcome_message.php on line 296.
 1 APPPATH\Views\welcome_message.php(296): CodeIgniter\Debug\Exceptions->errorHandler(8, 'Undefined variable: users', 'APPPATH\\Views\\welcome_message.php', 296, [])
 2 SYSTEMPATH\View\View.php(213): include('APPPATH\\Views\\welcome_message.php')
 3 SYSTEMPATH\View\View.php(216): CodeIgniter\View\View->CodeIgniter\View\{closure}()
 4 SYSTEMPATH\Common.php(1177): CodeIgniter\View\View->render('welcome_message', [], true)
 5 APPPATH\Controllers\Data.php(13): view('welcome_message', [...])
 6 SYSTEMPATH\CodeIgniter.php(934): App\Controllers\Data->index()
 7 SYSTEMPATH\CodeIgniter.php(499): CodeIgniter\CodeIgniter->runController(Object(App\Controllers\Data))
 8 SYSTEMPATH\CodeIgniter.php(368): CodeIgniter\CodeIgniter->handleRequest(null, Object(Config\Cache), false)
 9 FCPATH\index.php(67): CodeIgniter\CodeIgniter->run()
CRITICAL - 2023-01-18 18:56:12 --> Undefined variable: users
in APPPATH\Views\welcome_message.php on line 296.
 1 APPPATH\Views\welcome_message.php(296): CodeIgniter\Debug\Exceptions->errorHandler(8, 'Undefined variable: users', 'APPPATH\\Views\\welcome_message.php', 296, [])
 2 SYSTEMPATH\View\View.php(213): include('APPPATH\\Views\\welcome_message.php')
 3 SYSTEMPATH\View\View.php(216): CodeIgniter\View\View->CodeIgniter\View\{closure}()
 4 SYSTEMPATH\Common.php(1177): CodeIgniter\View\View->render('welcome_message', [], true)
 5 APPPATH\Controllers\Data.php(13): view('welcome_message', [...])
 6 SYSTEMPATH\CodeIgniter.php(934): App\Controllers\Data->index()
 7 SYSTEMPATH\CodeIgniter.php(499): CodeIgniter\CodeIgniter->runController(Object(App\Controllers\Data))
 8 SYSTEMPATH\CodeIgniter.php(368): CodeIgniter\CodeIgniter->handleRequest(null, Object(Config\Cache), false)
 9 FCPATH\index.php(67): CodeIgniter\CodeIgniter->run()
CRITICAL - 2023-01-18 18:56:12 --> Undefined variable: users
in APPPATH\Views\welcome_message.php on line 296.
 1 APPPATH\Views\welcome_message.php(296): CodeIgniter\Debug\Exceptions->errorHandler(8, 'Undefined variable: users', 'APPPATH\\Views\\welcome_message.php', 296, [])
 2 SYSTEMPATH\View\View.php(213): include('APPPATH\\Views\\welcome_message.php')
 3 SYSTEMPATH\View\View.php(216): CodeIgniter\View\View->CodeIgniter\View\{closure}()
 4 SYSTEMPATH\Common.php(1177): CodeIgniter\View\View->render('welcome_message', [], true)
 5 APPPATH\Controllers\Data.php(13): view('welcome_message', [...])
 6 SYSTEMPATH\CodeIgniter.php(934): App\Controllers\Data->index()
 7 SYSTEMPATH\CodeIgniter.php(499): CodeIgniter\CodeIgniter->runController(Object(App\Controllers\Data))
 8 SYSTEMPATH\CodeIgniter.php(368): CodeIgniter\CodeIgniter->handleRequest(null, Object(Config\Cache), false)
 9 FCPATH\index.php(67): CodeIgniter\CodeIgniter->run()
CRITICAL - 2023-01-18 18:56:53 --> Undefined variable: users
in APPPATH\Views\welcome_message.php on line 296.
 1 APPPATH\Views\welcome_message.php(296): CodeIgniter\Debug\Exceptions->errorHandler(8, 'Undefined variable: users', 'APPPATH\\Views\\welcome_message.php', 296, [])
 2 SYSTEMPATH\View\View.php(213): include('APPPATH\\Views\\welcome_message.php')
 3 SYSTEMPATH\View\View.php(216): CodeIgniter\View\View->CodeIgniter\View\{closure}()
 4 SYSTEMPATH\Common.php(1177): CodeIgniter\View\View->render('welcome_message', [], true)
 5 APPPATH\Controllers\Data.php(13): view('welcome_message', [...])
 6 SYSTEMPATH\CodeIgniter.php(934): App\Controllers\Data->index()
 7 SYSTEMPATH\CodeIgniter.php(499): CodeIgniter\CodeIgniter->runController(Object(App\Controllers\Data))
 8 SYSTEMPATH\CodeIgniter.php(368): CodeIgniter\CodeIgniter->handleRequest(null, Object(Config\Cache), false)
 9 FCPATH\index.php(67): CodeIgniter\CodeIgniter->run()
CRITICAL - 2023-01-18 18:56:53 --> Undefined variable: users
in APPPATH\Views\welcome_message.php on line 296.
 1 APPPATH\Views\welcome_message.php(296): CodeIgniter\Debug\Exceptions->errorHandler(8, 'Undefined variable: users', 'APPPATH\\Views\\welcome_message.php', 296, [])
 2 SYSTEMPATH\View\View.php(213): include('APPPATH\\Views\\welcome_message.php')
 3 SYSTEMPATH\View\View.php(216): CodeIgniter\View\View->CodeIgniter\View\{closure}()
 4 SYSTEMPATH\Common.php(1177): CodeIgniter\View\View->render('welcome_message', [], true)
 5 APPPATH\Controllers\Data.php(13): view('welcome_message', [...])
 6 SYSTEMPATH\CodeIgniter.php(934): App\Controllers\Data->index()
 7 SYSTEMPATH\CodeIgniter.php(499): CodeIgniter\CodeIgniter->runController(Object(App\Controllers\Data))
 8 SYSTEMPATH\CodeIgniter.php(368): CodeIgniter\CodeIgniter->handleRequest(null, Object(Config\Cache), false)
 9 FCPATH\index.php(67): CodeIgniter\CodeIgniter->run()
CRITICAL - 2023-01-18 18:57:21 --> Undefined variable: users
in APPPATH\Views\welcome_message.php on line 296.
 1 APPPATH\Views\welcome_message.php(296): CodeIgniter\Debug\Exceptions->errorHandler(8, 'Undefined variable: users', 'APPPATH\\Views\\welcome_message.php', 296, [])
 2 SYSTEMPATH\View\View.php(213): include('APPPATH\\Views\\welcome_message.php')
 3 SYSTEMPATH\View\View.php(216): CodeIgniter\View\View->CodeIgniter\View\{closure}()
 4 SYSTEMPATH\Common.php(1177): CodeIgniter\View\View->render('welcome_message', [], true)
 5 APPPATH\Controllers\Data.php(13): view('welcome_message', [...])
 6 SYSTEMPATH\CodeIgniter.php(934): App\Controllers\Data->index()
 7 SYSTEMPATH\CodeIgniter.php(499): CodeIgniter\CodeIgniter->runController(Object(App\Controllers\Data))
 8 SYSTEMPATH\CodeIgniter.php(368): CodeIgniter\CodeIgniter->handleRequest(null, Object(Config\Cache), false)
 9 FCPATH\index.php(67): CodeIgniter\CodeIgniter->run()
CRITICAL - 2023-01-18 18:57:22 --> Undefined variable: users
in APPPATH\Views\welcome_message.php on line 296.
 1 APPPATH\Views\welcome_message.php(296): CodeIgniter\Debug\Exceptions->errorHandler(8, 'Undefined variable: users', 'APPPATH\\Views\\welcome_message.php', 296, [])
 2 SYSTEMPATH\View\View.php(213): include('APPPATH\\Views\\welcome_message.php')
 3 SYSTEMPATH\View\View.php(216): CodeIgniter\View\View->CodeIgniter\View\{closure}()
 4 SYSTEMPATH\Common.php(1177): CodeIgniter\View\View->render('welcome_message', [], true)
 5 APPPATH\Controllers\Data.php(13): view('welcome_message', [...])
 6 SYSTEMPATH\CodeIgniter.php(934): App\Controllers\Data->index()
 7 SYSTEMPATH\CodeIgniter.php(499): CodeIgniter\CodeIgniter->runController(Object(App\Controllers\Data))
 8 SYSTEMPATH\CodeIgniter.php(368): CodeIgniter\CodeIgniter->handleRequest(null, Object(Config\Cache), false)
 9 FCPATH\index.php(67): CodeIgniter\CodeIgniter->run()
CRITICAL - 2023-01-18 18:58:09 --> Undefined variable: records
in APPPATH\Views\welcome_message.php on line 296.
 1 APPPATH\Views\welcome_message.php(296): CodeIgniter\Debug\Exceptions->errorHandler(8, 'Undefined variable: records', 'APPPATH\\Views\\welcome_message.php', 296, [])
 2 SYSTEMPATH\View\View.php(213): include('APPPATH\\Views\\welcome_message.php')
 3 SYSTEMPATH\View\View.php(216): CodeIgniter\View\View->CodeIgniter\View\{closure}()
 4 SYSTEMPATH\Common.php(1177): CodeIgniter\View\View->render('welcome_message', [], true)
 5 APPPATH\Controllers\Data.php(13): view('welcome_message', [...])
 6 SYSTEMPATH\CodeIgniter.php(934): App\Controllers\Data->index()
 7 SYSTEMPATH\CodeIgniter.php(499): CodeIgniter\CodeIgniter->runController(Object(App\Controllers\Data))
 8 SYSTEMPATH\CodeIgniter.php(368): CodeIgniter\CodeIgniter->handleRequest(null, Object(Config\Cache), false)
 9 FCPATH\index.php(67): CodeIgniter\CodeIgniter->run()
CRITICAL - 2023-01-18 18:58:14 --> Undefined variable: users
in APPPATH\Views\welcome_message.php on line 296.
 1 APPPATH\Views\welcome_message.php(296): CodeIgniter\Debug\Exceptions->errorHandler(8, 'Undefined variable: users', 'APPPATH\\Views\\welcome_message.php', 296, [])
 2 SYSTEMPATH\View\View.php(213): include('APPPATH\\Views\\welcome_message.php')
 3 SYSTEMPATH\View\View.php(216): CodeIgniter\View\View->CodeIgniter\View\{closure}()
 4 SYSTEMPATH\Common.php(1177): CodeIgniter\View\View->render('welcome_message', [], true)
 5 APPPATH\Controllers\Data.php(13): view('welcome_message', [...])
 6 SYSTEMPATH\CodeIgniter.php(934): App\Controllers\Data->index()
 7 SYSTEMPATH\CodeIgniter.php(499): CodeIgniter\CodeIgniter->runController(Object(App\Controllers\Data))
 8 SYSTEMPATH\CodeIgniter.php(368): CodeIgniter\CodeIgniter->handleRequest(null, Object(Config\Cache), false)
 9 FCPATH\index.php(67): CodeIgniter\CodeIgniter->run()
CRITICAL - 2023-01-18 18:58:15 --> Undefined variable: users
in APPPATH\Views\welcome_message.php on line 296.
 1 APPPATH\Views\welcome_message.php(296): CodeIgniter\Debug\Exceptions->errorHandler(8, 'Undefined variable: users', 'APPPATH\\Views\\welcome_message.php', 296, [])
 2 SYSTEMPATH\View\View.php(213): include('APPPATH\\Views\\welcome_message.php')
 3 SYSTEMPATH\View\View.php(216): CodeIgniter\View\View->CodeIgniter\View\{closure}()
 4 SYSTEMPATH\Common.php(1177): CodeIgniter\View\View->render('welcome_message', [], true)
 5 APPPATH\Controllers\Data.php(13): view('welcome_message', [...])
 6 SYSTEMPATH\CodeIgniter.php(934): App\Controllers\Data->index()
 7 SYSTEMPATH\CodeIgniter.php(499): CodeIgniter\CodeIgniter->runController(Object(App\Controllers\Data))
 8 SYSTEMPATH\CodeIgniter.php(368): CodeIgniter\CodeIgniter->handleRequest(null, Object(Config\Cache), false)
 9 FCPATH\index.php(67): CodeIgniter\CodeIgniter->run()
CRITICAL - 2023-01-18 18:59:17 --> Cannot use object of type stdClass as array
in APPPATH\Views\welcome_message.php on line 297.
 1 SYSTEMPATH\View\View.php(213): include()
 2 SYSTEMPATH\View\View.php(216): CodeIgniter\View\View->CodeIgniter\View\{closure}()
 3 SYSTEMPATH\Common.php(1177): CodeIgniter\View\View->render('welcome_message', [], true)
 4 APPPATH\Controllers\Data.php(13): view('welcome_message', [...])
 5 SYSTEMPATH\CodeIgniter.php(934): App\Controllers\Data->index()
 6 SYSTEMPATH\CodeIgniter.php(499): CodeIgniter\CodeIgniter->runController(Object(App\Controllers\Data))
 7 SYSTEMPATH\CodeIgniter.php(368): CodeIgniter\CodeIgniter->handleRequest(null, Object(Config\Cache), false)
 8 FCPATH\index.php(67): CodeIgniter\CodeIgniter->run()
