ERROR - 2023-01-22 08:00:51 --> mysqli_sql_exception: Table 'sklad.users' doesn't exist in E:\wamp64\www\firstci4\vendor\codeigniter4\framework\system\Database\MySQLi\Connection.php:295
Stack trace:
#0 E:\wamp64\www\firstci4\vendor\codeigniter4\framework\system\Database\MySQLi\Connection.php(295): mysqli->query('Select username...', 0)
#1 E:\wamp64\www\firstci4\vendor\codeigniter4\framework\system\Database\BaseConnection.php(691): CodeIgniter\Database\MySQLi\Connection->execute('Select username...')
#2 E:\wamp64\www\firstci4\vendor\codeigniter4\framework\system\Database\BaseConnection.php(605): CodeIgniter\Database\BaseConnection->simpleQuery('Select username...')
#3 E:\wamp64\www\firstci4\app\Libraries\TestLibrary.php(14): CodeIgniter\Database\BaseConnection->query('Select username...')
#4 E:\wamp64\www\firstci4\app\Controllers\Home.php(47): App\Libraries\TestLibrary->getData()
#5 E:\wamp64\www\firstci4\vendor\codeigniter4\framework\system\CodeIgniter.php(934): App\Controllers\Home->index()
#6 E:\wamp64\www\firstci4\vendor\codeigniter4\framework\system\CodeIgniter.php(499): CodeIgniter\CodeIgniter->runController(Object(App\Controllers\Home))
#7 E:\wamp64\www\firstci4\vendor\codeigniter4\framework\system\CodeIgniter.php(368): CodeIgniter\CodeIgniter->handleRequest(NULL, Object(Config\Cache), false)
#8 E:\wamp64\www\firstci4\public\index.php(67): CodeIgniter\CodeIgniter->run()
#9 {main}
CRITICAL - 2023-01-22 08:00:51 --> Table 'sklad.users' doesn't exist
in SYSTEMPATH\Database\BaseConnection.php on line 645.
 1 APPPATH\Libraries\TestLibrary.php(14): CodeIgniter\Database\BaseConnection->query('Select username from users')
 2 APPPATH\Controllers\Home.php(47): App\Libraries\TestLibrary->getData()
 3 SYSTEMPATH\CodeIgniter.php(934): App\Controllers\Home->index()
 4 SYSTEMPATH\CodeIgniter.php(499): CodeIgniter\CodeIgniter->runController(Object(App\Controllers\Home))
 5 SYSTEMPATH\CodeIgniter.php(368): CodeIgniter\CodeIgniter->handleRequest(null, Object(Config\Cache), false)
 6 FCPATH\index.php(67): CodeIgniter\CodeIgniter->run()
CRITICAL - 2023-01-22 08:31:57 --> Call to undefined method CodeIgniter\Database\MySQLi\Connection::list_tables()
in APPPATH\Views\add_products_page.php on line 56.
 1 SYSTEMPATH\View\View.php(213): include()
 2 SYSTEMPATH\View\View.php(216): CodeIgniter\View\View->CodeIgniter\View\{closure}()
 3 SYSTEMPATH\Common.php(1177): CodeIgniter\View\View->render('add_products_page', [], true)
 4 APPPATH\Controllers\Products.php(19): view('add_products_page')
 5 SYSTEMPATH\CodeIgniter.php(934): App\Controllers\Products->add()
 6 SYSTEMPATH\CodeIgniter.php(499): CodeIgniter\CodeIgniter->runController(Object(App\Controllers\Products))
 7 SYSTEMPATH\CodeIgniter.php(368): CodeIgniter\CodeIgniter->handleRequest(null, Object(Config\Cache), false)
 8 FCPATH\index.php(67): CodeIgniter\CodeIgniter->run()
CRITICAL - 2023-01-22 08:32:57 --> Undefined variable: result
in APPPATH\Views\add_products_page.php on line 61.
 1 APPPATH\Views\add_products_page.php(61): CodeIgniter\Debug\Exceptions->errorHandler(8, 'Undefined variable: result', 'APPPATH\\Views\\add_products_page.php', 61, [...])
 2 SYSTEMPATH\View\View.php(213): include('APPPATH\\Views\\add_products_page.php')
 3 SYSTEMPATH\View\View.php(216): CodeIgniter\View\View->CodeIgniter\View\{closure}()
 4 SYSTEMPATH\Common.php(1177): CodeIgniter\View\View->render('add_products_page', [], true)
 5 APPPATH\Controllers\Products.php(19): view('add_products_page')
 6 SYSTEMPATH\CodeIgniter.php(934): App\Controllers\Products->add()
 7 SYSTEMPATH\CodeIgniter.php(499): CodeIgniter\CodeIgniter->runController(Object(App\Controllers\Products))
 8 SYSTEMPATH\CodeIgniter.php(368): CodeIgniter\CodeIgniter->handleRequest(null, Object(Config\Cache), false)
 9 FCPATH\index.php(67): CodeIgniter\CodeIgniter->run()
CRITICAL - 2023-01-22 09:00:18 --> Undefined index: item
in APPPATH\Controllers\AddProductController.php on line 53.
 1 APPPATH\Controllers\AddProductController.php(53): CodeIgniter\Debug\Exceptions->errorHandler(8, 'Undefined index: item', 'APPPATH\\Controllers\\AddProductController.php', 53, [...])
 2 APPPATH\Controllers\AddProductController.php(27): App\Controllers\AddProductController->update_table_data([...], 'elektronika')
 3 SYSTEMPATH\CodeIgniter.php(934): App\Controllers\AddProductController->index()
 4 SYSTEMPATH\CodeIgniter.php(499): CodeIgniter\CodeIgniter->runController(Object(App\Controllers\AddProductController))
 5 SYSTEMPATH\CodeIgniter.php(368): CodeIgniter\CodeIgniter->handleRequest(null, Object(Config\Cache), false)
 6 FCPATH\index.php(67): CodeIgniter\CodeIgniter->run()
CRITICAL - 2023-01-22 09:00:39 --> Undefined index: item
in APPPATH\Controllers\AddProductController.php on line 55.
 1 APPPATH\Controllers\AddProductController.php(55): CodeIgniter\Debug\Exceptions->errorHandler(8, 'Undefined index: item', 'APPPATH\\Controllers\\AddProductController.php', 55, [...])
 2 APPPATH\Controllers\AddProductController.php(29): App\Controllers\AddProductController->update_table_data([...], 'elektronika')
 3 SYSTEMPATH\CodeIgniter.php(934): App\Controllers\AddProductController->index()
 4 SYSTEMPATH\CodeIgniter.php(499): CodeIgniter\CodeIgniter->runController(Object(App\Controllers\AddProductController))
 5 SYSTEMPATH\CodeIgniter.php(368): CodeIgniter\CodeIgniter->handleRequest(null, Object(Config\Cache), false)
 6 FCPATH\index.php(67): CodeIgniter\CodeIgniter->run()
CRITICAL - 2023-01-22 09:00:53 --> Undefined index: item
in APPPATH\Controllers\AddProductController.php on line 53.
 1 APPPATH\Controllers\AddProductController.php(53): CodeIgniter\Debug\Exceptions->errorHandler(8, 'Undefined index: item', 'APPPATH\\Controllers\\AddProductController.php', 53, [...])
 2 APPPATH\Controllers\AddProductController.php(29): App\Controllers\AddProductController->update_table_data([...], 'elektronika')
 3 SYSTEMPATH\CodeIgniter.php(934): App\Controllers\AddProductController->index()
 4 SYSTEMPATH\CodeIgniter.php(499): CodeIgniter\CodeIgniter->runController(Object(App\Controllers\AddProductController))
 5 SYSTEMPATH\CodeIgniter.php(368): CodeIgniter\CodeIgniter->handleRequest(null, Object(Config\Cache), false)
 6 FCPATH\index.php(67): CodeIgniter\CodeIgniter->run()
CRITICAL - 2023-01-22 09:01:52 --> Undefined index: item
in APPPATH\Controllers\AddProductController.php on line 55.
 1 APPPATH\Controllers\AddProductController.php(55): CodeIgniter\Debug\Exceptions->errorHandler(8, 'Undefined index: item', 'APPPATH\\Controllers\\AddProductController.php', 55, [...])
 2 APPPATH\Controllers\AddProductController.php(29): App\Controllers\AddProductController->update_table_data([...], 'elektronika')
 3 SYSTEMPATH\CodeIgniter.php(934): App\Controllers\AddProductController->index()
 4 SYSTEMPATH\CodeIgniter.php(499): CodeIgniter\CodeIgniter->runController(Object(App\Controllers\AddProductController))
 5 SYSTEMPATH\CodeIgniter.php(368): CodeIgniter\CodeIgniter->handleRequest(null, Object(Config\Cache), false)
 6 FCPATH\index.php(67): CodeIgniter\CodeIgniter->run()
CRITICAL - 2023-01-22 09:02:19 --> Undefined offset: 0
in APPPATH\Controllers\AddProductController.php on line 55.
 1 APPPATH\Controllers\AddProductController.php(55): CodeIgniter\Debug\Exceptions->errorHandler(8, 'Undefined offset: 0', 'APPPATH\\Controllers\\AddProductController.php', 55, [...])
 2 APPPATH\Controllers\AddProductController.php(29): App\Controllers\AddProductController->update_table_data([...], 'elektronika')
 3 SYSTEMPATH\CodeIgniter.php(934): App\Controllers\AddProductController->index()
 4 SYSTEMPATH\CodeIgniter.php(499): CodeIgniter\CodeIgniter->runController(Object(App\Controllers\AddProductController))
 5 SYSTEMPATH\CodeIgniter.php(368): CodeIgniter\CodeIgniter->handleRequest(null, Object(Config\Cache), false)
 6 FCPATH\index.php(67): CodeIgniter\CodeIgniter->run()
CRITICAL - 2023-01-22 09:02:37 --> Undefined offset: 0
in APPPATH\Controllers\AddProductController.php on line 56.
 1 APPPATH\Controllers\AddProductController.php(56): CodeIgniter\Debug\Exceptions->errorHandler(8, 'Undefined offset: 0', 'APPPATH\\Controllers\\AddProductController.php', 56, [...])
 2 APPPATH\Controllers\AddProductController.php(29): App\Controllers\AddProductController->update_table_data([...], 'elektronika')
 3 SYSTEMPATH\CodeIgniter.php(934): App\Controllers\AddProductController->index()
 4 SYSTEMPATH\CodeIgniter.php(499): CodeIgniter\CodeIgniter->runController(Object(App\Controllers\AddProductController))
 5 SYSTEMPATH\CodeIgniter.php(368): CodeIgniter\CodeIgniter->handleRequest(null, Object(Config\Cache), false)
 6 FCPATH\index.php(67): CodeIgniter\CodeIgniter->run()
CRITICAL - 2023-01-22 09:02:39 --> Undefined offset: 0
in APPPATH\Controllers\AddProductController.php on line 56.
 1 APPPATH\Controllers\AddProductController.php(56): CodeIgniter\Debug\Exceptions->errorHandler(8, 'Undefined offset: 0', 'APPPATH\\Controllers\\AddProductController.php', 56, [...])
 2 APPPATH\Controllers\AddProductController.php(29): App\Controllers\AddProductController->update_table_data([...], 'elektronika')
 3 SYSTEMPATH\CodeIgniter.php(934): App\Controllers\AddProductController->index()
 4 SYSTEMPATH\CodeIgniter.php(499): CodeIgniter\CodeIgniter->runController(Object(App\Controllers\AddProductController))
 5 SYSTEMPATH\CodeIgniter.php(368): CodeIgniter\CodeIgniter->handleRequest(null, Object(Config\Cache), false)
 6 FCPATH\index.php(67): CodeIgniter\CodeIgniter->run()
CRITICAL - 2023-01-22 09:12:30 --> Undefined index: ime
in APPPATH\Controllers\AddProductController.php on line 82.
 1 APPPATH\Controllers\AddProductController.php(82): CodeIgniter\Debug\Exceptions->errorHandler(8, 'Undefined index: ime', 'APPPATH\\Controllers\\AddProductController.php', 82, [...])
 2 APPPATH\Controllers\AddProductController.php(57): App\Controllers\AddProductController->update_item([...], 'elektronika')
 3 APPPATH\Controllers\AddProductController.php(29): App\Controllers\AddProductController->update_table_data([...], 'elektronika')
 4 SYSTEMPATH\CodeIgniter.php(934): App\Controllers\AddProductController->index()
 5 SYSTEMPATH\CodeIgniter.php(499): CodeIgniter\CodeIgniter->runController(Object(App\Controllers\AddProductController))
 6 SYSTEMPATH\CodeIgniter.php(368): CodeIgniter\CodeIgniter->handleRequest(null, Object(Config\Cache), false)
 7 FCPATH\index.php(67): CodeIgniter\CodeIgniter->run()
CRITICAL - 2023-01-22 09:13:05 --> Undefined index: ime
in APPPATH\Controllers\AddProductController.php on line 82.
 1 APPPATH\Controllers\AddProductController.php(82): CodeIgniter\Debug\Exceptions->errorHandler(8, 'Undefined index: ime', 'APPPATH\\Controllers\\AddProductController.php', 82, [...])
 2 APPPATH\Controllers\AddProductController.php(57): App\Controllers\AddProductController->update_item([...], 'elektronika')
 3 APPPATH\Controllers\AddProductController.php(29): App\Controllers\AddProductController->update_table_data([...], 'elektronika')
 4 SYSTEMPATH\CodeIgniter.php(934): App\Controllers\AddProductController->index()
 5 SYSTEMPATH\CodeIgniter.php(499): CodeIgniter\CodeIgniter->runController(Object(App\Controllers\AddProductController))
 6 SYSTEMPATH\CodeIgniter.php(368): CodeIgniter\CodeIgniter->handleRequest(null, Object(Config\Cache), false)
 7 FCPATH\index.php(67): CodeIgniter\CodeIgniter->run()
CRITICAL - 2023-01-22 12:31:27 --> Undefined index: broika
in APPPATH\Controllers\AddOrderController.php on line 34.
 1 APPPATH\Controllers\AddOrderController.php(34): CodeIgniter\Debug\Exceptions->errorHandler(8, 'Undefined index: broika', 'APPPATH\\Controllers\\AddOrderController.php', 34, [...])
 2 SYSTEMPATH\CodeIgniter.php(934): App\Controllers\AddOrderController->index()
 3 SYSTEMPATH\CodeIgniter.php(499): CodeIgniter\CodeIgniter->runController(Object(App\Controllers\AddOrderController))
 4 SYSTEMPATH\CodeIgniter.php(368): CodeIgniter\CodeIgniter->handleRequest(null, Object(Config\Cache), false)
 5 FCPATH\index.php(67): CodeIgniter\CodeIgniter->run()
CRITICAL - 2023-01-22 12:31:30 --> Undefined index: broika
in APPPATH\Controllers\AddOrderController.php on line 34.
 1 APPPATH\Controllers\AddOrderController.php(34): CodeIgniter\Debug\Exceptions->errorHandler(8, 'Undefined index: broika', 'APPPATH\\Controllers\\AddOrderController.php', 34, [...])
 2 SYSTEMPATH\CodeIgniter.php(934): App\Controllers\AddOrderController->index()
 3 SYSTEMPATH\CodeIgniter.php(499): CodeIgniter\CodeIgniter->runController(Object(App\Controllers\AddOrderController))
 4 SYSTEMPATH\CodeIgniter.php(368): CodeIgniter\CodeIgniter->handleRequest(null, Object(Config\Cache), false)
 5 FCPATH\index.php(67): CodeIgniter\CodeIgniter->run()
CRITICAL - 2023-01-22 12:32:09 --> Undefined index: broika
in APPPATH\Controllers\AddOrderController.php on line 37.
 1 APPPATH\Controllers\AddOrderController.php(37): CodeIgniter\Debug\Exceptions->errorHandler(8, 'Undefined index: broika', 'APPPATH\\Controllers\\AddOrderController.php', 37, [...])
 2 SYSTEMPATH\CodeIgniter.php(934): App\Controllers\AddOrderController->index()
 3 SYSTEMPATH\CodeIgniter.php(499): CodeIgniter\CodeIgniter->runController(Object(App\Controllers\AddOrderController))
 4 SYSTEMPATH\CodeIgniter.php(368): CodeIgniter\CodeIgniter->handleRequest(null, Object(Config\Cache), false)
 5 FCPATH\index.php(67): CodeIgniter\CodeIgniter->run()
CRITICAL - 2023-01-22 12:32:42 --> Undefined index: broika
in APPPATH\Controllers\AddOrderController.php on line 44.
 1 APPPATH\Controllers\AddOrderController.php(44): CodeIgniter\Debug\Exceptions->errorHandler(8, 'Undefined index: broika', 'APPPATH\\Controllers\\AddOrderController.php', 44, [...])
 2 SYSTEMPATH\CodeIgniter.php(934): App\Controllers\AddOrderController->index()
 3 SYSTEMPATH\CodeIgniter.php(499): CodeIgniter\CodeIgniter->runController(Object(App\Controllers\AddOrderController))
 4 SYSTEMPATH\CodeIgniter.php(368): CodeIgniter\CodeIgniter->handleRequest(null, Object(Config\Cache), false)
 5 FCPATH\index.php(67): CodeIgniter\CodeIgniter->run()
